[2025-04-21 12:57:52] Sent email for campaign 4 to 00ar.khan@gmail.com
[2025-04-21 12:57:57] Sent email for campaign 4 to 0107sjain@gmail.com
[2025-04-21 12:58:01] Sent email for campaign 4 to 0202santu@gmail.com
[2025-04-21 12:58:06] Sent email for campaign 4 to 05rohitmishra@gmail.com
[2025-04-21 12:58:11] Sent email for campaign 4 to 08pradeepyadavspn@gmail.com
[2025-04-21 12:58:15] Sent email for campaign 4 to 1008harsh1@gmail.com
[2025-04-21 12:58:21] Sent email for campaign 4 to 100plusproperties.hyd@gmail.com
[2025-04-21 12:58:26] Sent email for campaign 4 to 111.svtax@gmail.com
[2025-04-21 12:58:31] Sent email for campaign 4 to 123gillu@gmail.com
[2025-04-21 12:58:37] Sent email for campaign 4 to 123snsarchitects@gmail.com
[2025-04-21 12:58:43] Sent email for campaign 4 to 127.0.0.17@gmail.com
[2025-04-21 12:58:49] Sent email for campaign 4 to panchalpavan800@gmail.com
[2025-04-21 13:07:55] Sent email for campaign 5 to 00ar.khan@gmail.com
[2025-04-21 13:08:02] Sent email for campaign 5 to 0107sjain@gmail.com
[2025-04-21 13:08:06] Sent email for campaign 5 to 0202santu@gmail.com
[2025-04-21 13:08:12] Sent email for campaign 5 to 05rohitmishra@gmail.com
[2025-04-21 13:08:16] Sent email for campaign 5 to 08pradeepyadavspn@gmail.com
[2025-04-21 13:08:22] Sent email for campaign 5 to 1008harsh1@gmail.com
[2025-04-21 13:08:27] Sent email for campaign 5 to 100plusproperties.hyd@gmail.com
[2025-04-21 13:08:31] Sent email for campaign 5 to 111.svtax@gmail.com
[2025-04-21 13:08:36] Sent email for campaign 5 to 123gillu@gmail.com
[2025-04-21 13:08:41] Sent email for campaign 5 to 123snsarchitects@gmail.com
[2025-04-21 13:08:47] Sent email for campaign 5 to 127.0.0.17@gmail.com
[2025-04-21 13:08:52] Sent email for campaign 5 to panchalpavan800@gmail.com
[2025-04-21 13:15:59] Sent email for campaign 6 to 00ar.khan@gmail.com
[2025-04-21 13:16:05] Sent email for campaign 6 to 0107sjain@gmail.com
[2025-04-21 13:16:09] Sent email for campaign 6 to 0202santu@gmail.com
[2025-04-21 13:16:14] Sent email for campaign 6 to 05rohitmishra@gmail.com
[2025-04-21 13:16:20] Sent email for campaign 6 to 08pradeepyadavspn@gmail.com
[2025-04-21 13:16:24] Sent email for campaign 6 to 1008harsh1@gmail.com
[2025-04-21 13:16:29] Sent email for campaign 6 to 100plusproperties.hyd@gmail.com
[2025-04-21 13:16:34] Sent email for campaign 6 to 111.svtax@gmail.com
[2025-04-21 13:16:39] Sent email for campaign 6 to 123gillu@gmail.com
[2025-04-21 13:16:44] Sent email for campaign 6 to 123snsarchitects@gmail.com
[2025-04-21 13:16:49] Sent email for campaign 6 to 127.0.0.17@gmail.com
[2025-04-21 13:16:54] Sent email for campaign 6 to panchalpavan800@gmail.com
[2025-04-21 13:38:00] Sent email for campaign 7 to 00ar.khan@gmail.com
[2025-04-21 13:38:05] Sent email for campaign 7 to 0107sjain@gmail.com
[2025-04-21 13:38:10] Sent email for campaign 7 to 0202santu@gmail.com
[2025-04-21 13:38:14] Sent email for campaign 7 to 05rohitmishra@gmail.com
[2025-04-21 13:38:19] Sent email for campaign 7 to 08pradeepyadavspn@gmail.com
[2025-04-21 13:38:24] Sent email for campaign 7 to 1008harsh1@gmail.com
[2025-04-21 13:38:29] Sent email for campaign 7 to 100plusproperties.hyd@gmail.com
[2025-04-21 13:38:34] Sent email for campaign 7 to 111.svtax@gmail.com
[2025-04-21 13:38:39] Sent email for campaign 7 to 123gillu@gmail.com
[2025-04-21 13:38:44] Sent email for campaign 7 to 123snsarchitects@gmail.com
[2025-04-21 13:38:49] Sent email for campaign 7 to 127.0.0.17@gmail.com
[2025-04-21 13:38:53] Sent email for campaign 7 to panchalpavan800@gmail.com
[2025-04-21 13:55:59] Sent email for campaign 8 to 00ar.khan@gmail.com
[2025-04-21 13:56:04] Sent email for campaign 8 to 0107sjain@gmail.com
[2025-04-21 13:56:10] Sent email for campaign 8 to 0202santu@gmail.com
[2025-04-21 13:56:14] Sent email for campaign 8 to 05rohitmishra@gmail.com
[2025-04-21 13:56:19] Sent email for campaign 8 to 08pradeepyadavspn@gmail.com
[2025-04-21 13:56:24] Sent email for campaign 8 to 1008harsh1@gmail.com
[2025-04-21 13:56:29] Sent email for campaign 8 to 100plusproperties.hyd@gmail.com
[2025-04-21 13:56:33] Sent email for campaign 8 to 111.svtax@gmail.com
[2025-04-21 13:56:37] Sent email for campaign 8 to 123gillu@gmail.com
[2025-04-21 13:56:42] Sent email for campaign 8 to 123snsarchitects@gmail.com
[2025-04-21 13:56:48] Sent email for campaign 8 to 127.0.0.17@gmail.com
[2025-04-21 13:56:53] Sent email for campaign 8 to panchalpavan800@gmail.com
[2025-04-21 13:56:58] Sent email for campaign 9 to 00ar.khan@gmail.com
[2025-04-21 13:57:03] Sent email for campaign 9 to 0107sjain@gmail.com
[2025-04-21 13:57:07] Sent email for campaign 9 to 0202santu@gmail.com
[2025-04-21 13:57:11] Sent email for campaign 9 to 05rohitmishra@gmail.com
[2025-04-21 13:57:16] Sent email for campaign 9 to 08pradeepyadavspn@gmail.com
[2025-04-21 13:57:21] Sent email for campaign 9 to 1008harsh1@gmail.com
[2025-04-21 13:57:25] Sent email for campaign 9 to 100plusproperties.hyd@gmail.com
[2025-04-21 13:57:29] Sent email for campaign 9 to 111.svtax@gmail.com
[2025-04-21 13:57:33] Sent email for campaign 9 to 123gillu@gmail.com
[2025-04-21 13:57:38] Sent email for campaign 9 to 123snsarchitects@gmail.com
[2025-04-21 13:57:43] Sent email for campaign 9 to 127.0.0.17@gmail.com
[2025-04-21 13:57:47] Sent email for campaign 9 to panchalpavan800@gmail.com
[2025-04-21 13:57:53] Sent email for campaign 10 to 00ar.khan@gmail.com
[2025-04-21 13:57:58] Sent email for campaign 10 to 0107sjain@gmail.com
[2025-04-21 13:58:03] Sent email for campaign 10 to 0202santu@gmail.com
[2025-04-21 13:58:08] Sent email for campaign 10 to 05rohitmishra@gmail.com
[2025-04-21 13:58:13] Sent email for campaign 10 to 08pradeepyadavspn@gmail.com
[2025-04-21 13:58:19] Sent email for campaign 10 to 1008harsh1@gmail.com
[2025-04-21 13:58:24] Sent email for campaign 10 to 100plusproperties.hyd@gmail.com
[2025-04-21 13:58:30] Sent email for campaign 10 to 111.svtax@gmail.com
[2025-04-21 13:58:35] Sent email for campaign 10 to 123gillu@gmail.com
[2025-04-21 13:58:40] Sent email for campaign 10 to 123snsarchitects@gmail.com
[2025-04-21 13:58:45] Sent email for campaign 10 to 127.0.0.17@gmail.com
[2025-04-21 13:58:52] Sent email for campaign 10 to panchalpavan800@gmail.com
[2025-04-21 14:32:59] Sent email for campaign 1 to 007_ikku@gmail.com
[2025-04-21 14:33:06] Sent email for campaign 1 to 1115091998rk@gmail.com
[2025-04-21 14:33:10] Sent email for campaign 1 to 123_45@gmail.com
[2025-04-21 14:33:16] Sent email for campaign 1 to 124jh@gmail.com
[2025-04-21 14:33:22] Sent email for campaign 1 to panchalsafsdasdf@gmail.com
[2025-04-21 14:33:27] Sent email for campaign 1 to working@yahoo.in
[2025-04-21 14:33:32] Sent email for campaign 1 to working@outlook.com
[2025-04-21 14:33:38] Sent email for campaign 2 to 007_ikku@gmail.com
[2025-04-21 14:33:44] Sent email for campaign 2 to 1115091998rk@gmail.com
[2025-04-21 14:33:50] Sent email for campaign 2 to 123_45@gmail.com
[2025-04-21 14:33:56] Sent email for campaign 2 to 124jh@gmail.com
[2025-04-21 14:34:02] Sent email for campaign 2 to panchalsafsdasdf@gmail.com
[2025-04-21 14:34:08] Sent email for campaign 2 to working@yahoo.in
[2025-04-21 14:34:16] Sent email for campaign 2 to working@outlook.com
[2025-04-21 14:34:23] Sent email for campaign 3 to 007_ikku@gmail.com
[2025-04-21 14:34:29] Sent email for campaign 3 to 1115091998rk@gmail.com
[2025-04-21 14:34:33] Sent email for campaign 3 to 123_45@gmail.com
[2025-04-21 14:34:38] Sent email for campaign 3 to 124jh@gmail.com
[2025-04-21 14:34:42] Sent email for campaign 3 to panchalsafsdasdf@gmail.com
[2025-04-21 14:34:48] Sent email for campaign 3 to working@yahoo.in
[2025-04-21 14:34:54] Sent email for campaign 3 to working@outlook.com
[2025-04-21 14:34:59] Sent email for campaign 4 to 124jh@gmail.com
[2025-04-21 14:35:03] Sent email for campaign 4 to panchalsafsdasdf@gmail.com
[2025-04-21 14:35:09] Sent email for campaign 4 to working@yahoo.in
[2025-04-21 14:35:14] Sent email for campaign 4 to working@outlook.com
[2025-04-21 14:38:18] Sent email for campaign 4 to 007_ikku@gmail.com
[2025-04-21 14:38:22] Sent email for campaign 4 to 1115091998rk@gmail.com
[2025-04-21 14:38:27] Sent email for campaign 4 to 123_45@gmail.com
[2025-04-21 14:38:32] Sent email for campaign 5 to 007_ikku@gmail.com
[2025-04-21 14:38:37] Sent email for campaign 5 to 1115091998rk@gmail.com
[2025-04-21 14:38:41] Sent email for campaign 5 to 123_45@gmail.com
[2025-04-21 14:38:46] Sent email for campaign 5 to 124jh@gmail.com
[2025-04-21 14:38:51] Sent email for campaign 5 to panchalsafsdasdf@gmail.com
[2025-04-21 14:38:56] Sent email for campaign 5 to working@yahoo.in
[2025-04-21 14:39:01] Sent email for campaign 5 to working@outlook.com
[2025-04-21 14:39:05] Sent email for campaign 6 to 007_ikku@gmail.com
[2025-04-21 14:39:10] Sent email for campaign 6 to 1115091998rk@gmail.com
[2025-04-21 14:39:15] Sent email for campaign 6 to 123_45@gmail.com
[2025-04-21 14:39:20] Sent email for campaign 6 to 124jh@gmail.com
[2025-04-21 14:39:25] Sent email for campaign 6 to panchalsafsdasdf@gmail.com
[2025-04-21 14:39:29] Sent email for campaign 6 to working@yahoo.in
[2025-04-21 14:39:34] Sent email for campaign 6 to working@outlook.com
[2025-04-21 14:39:39] Sent email for campaign 7 to 007_ikku@gmail.com
[2025-04-21 14:39:44] Sent email for campaign 7 to 1115091998rk@gmail.com
[2025-04-21 14:39:49] Sent email for campaign 7 to 123_45@gmail.com
[2025-04-21 14:39:54] Sent email for campaign 7 to 124jh@gmail.com
[2025-04-21 14:39:59] Sent email for campaign 7 to panchalsafsdasdf@gmail.com
[2025-04-21 14:40:04] Sent email for campaign 7 to working@yahoo.in
[2025-04-21 14:40:09] Sent email for campaign 7 to working@outlook.com
[2025-04-21 14:50:11] Failed to send email to 007_ikku@gmail.com: SMTP Error: Could not authenticate.
[2025-04-21 14:50:11] Failed to send email to 1115091998rk@gmail.com: SMTP Error: Could not connect to SMTP host. Failed to connect to server
[2025-04-21 14:50:11] Failed to send email to 123_45@gmail.com: SMTP Error: Could not connect to SMTP host. Failed to connect to server
[2025-04-21 14:50:11] Failed to send email to 124jh@gmail.com: SMTP Error: Could not connect to SMTP host. Failed to connect to server
[2025-04-21 14:50:11] Failed to send email to panchalsafsdasdf@gmail.com: SMTP Error: Could not connect to SMTP host. Failed to connect to server
[2025-04-21 14:50:11] Failed to send email to working@yahoo.in: SMTP Error: Could not connect to SMTP host. Failed to connect to server
[2025-04-21 14:50:11] Failed to send email to working@outlook.com: SMTP Error: Could not connect to SMTP host. Failed to connect to server
[2025-04-21 14:50:11] Failed to send email to 007_ikku@gmail.com: SMTP Error: Could not connect to SMTP host. Failed to connect to server
[2025-04-21 14:50:11] Failed to send email to 1115091998rk@gmail.com: SMTP Error: Could not connect to SMTP host. Failed to connect to server
[2025-04-21 14:50:11] Failed to send email to 123_45@gmail.com: SMTP Error: Could not connect to SMTP host. Failed to connect to server
[2025-04-21 14:50:11] Failed to send email to 124jh@gmail.com: SMTP Error: Could not connect to SMTP host. Failed to connect to server
[2025-04-21 14:50:11] Failed to send email to panchalsafsdasdf@gmail.com: SMTP Error: Could not connect to SMTP host. Failed to connect to server
[2025-04-21 14:50:11] Failed to send email to working@yahoo.in: SMTP Error: Could not connect to SMTP host. Failed to connect to server
[2025-04-21 14:50:11] Failed to send email to working@outlook.com: SMTP Error: Could not connect to SMTP host. Failed to connect to server
[2025-04-21 14:50:11] Failed to send email to 007_ikku@gmail.com: SMTP Error: Could not connect to SMTP host. Failed to connect to server
[2025-04-21 14:50:11] Failed to send email to 1115091998rk@gmail.com: SMTP Error: Could not connect to SMTP host. Failed to connect to server
[2025-04-21 14:50:11] Failed to send email to 123_45@gmail.com: SMTP Error: Could not connect to SMTP host. Failed to connect to server
[2025-04-21 14:50:11] Failed to send email to 124jh@gmail.com: SMTP Error: Could not connect to SMTP host. Failed to connect to server
[2025-04-21 14:50:11] Failed to send email to panchalsafsdasdf@gmail.com: SMTP Error: Could not connect to SMTP host. Failed to connect to server
[2025-04-21 14:50:11] Failed to send email to working@yahoo.in: SMTP Error: Could not connect to SMTP host. Failed to connect to server
[2025-04-21 14:50:11] Failed to send email to working@outlook.com: SMTP Error: Could not connect to SMTP host. Failed to connect to server
[2025-04-21 14:51:11] Failed to send email to 007_ikku@gmail.com: SMTP Error: Could not connect to SMTP host. Failed to connect to server
[2025-04-21 14:51:11] Failed to send email to 1115091998rk@gmail.com: SMTP Error: Could not connect to SMTP host. Failed to connect to server
[2025-04-21 14:51:11] Failed to send email to 123_45@gmail.com: SMTP Error: Could not connect to SMTP host. Failed to connect to server
[2025-04-21 14:51:11] Failed to send email to 124jh@gmail.com: SMTP Error: Could not connect to SMTP host. Failed to connect to server
[2025-04-21 14:51:11] Failed to send email to panchalsafsdasdf@gmail.com: SMTP Error: Could not connect to SMTP host. Failed to connect to server
[2025-04-21 14:51:11] Failed to send email to working@yahoo.in: SMTP Error: Could not connect to SMTP host. Failed to connect to server
[2025-04-21 14:51:11] Failed to send email to working@outlook.com: SMTP Error: Could not connect to SMTP host. Failed to connect to server
[2025-04-21 14:51:11] Failed to send email to 007_ikku@gmail.com: SMTP Error: Could not connect to SMTP host. Failed to connect to server
[2025-04-21 14:51:11] Failed to send email to 1115091998rk@gmail.com: SMTP Error: Could not connect to SMTP host. Failed to connect to server
[2025-04-21 14:51:11] Failed to send email to 123_45@gmail.com: SMTP Error: Could not connect to SMTP host. Failed to connect to server
[2025-04-21 14:51:11] Failed to send email to 124jh@gmail.com: SMTP Error: Could not connect to SMTP host. Failed to connect to server
[2025-04-21 14:51:11] Failed to send email to panchalsafsdasdf@gmail.com: SMTP Error: Could not connect to SMTP host. Failed to connect to server
[2025-04-21 14:51:11] Failed to send email to working@yahoo.in: SMTP Error: Could not connect to SMTP host. Failed to connect to server
[2025-04-21 14:51:11] Failed to send email to working@outlook.com: SMTP Error: Could not connect to SMTP host. Failed to connect to server
[2025-04-21 14:51:11] Failed to send email to 007_ikku@gmail.com: SMTP Error: Could not connect to SMTP host. Failed to connect to server
[2025-04-21 14:51:11] Failed to send email to 1115091998rk@gmail.com: SMTP Error: Could not connect to SMTP host. Failed to connect to server
[2025-04-21 14:51:11] Failed to send email to 123_45@gmail.com: SMTP Error: Could not connect to SMTP host. Failed to connect to server
[2025-04-21 14:51:11] Failed to send email to 124jh@gmail.com: SMTP Error: Could not connect to SMTP host. Failed to connect to server
[2025-04-21 14:51:11] Failed to send email to panchalsafsdasdf@gmail.com: SMTP Error: Could not connect to SMTP host. Failed to connect to server
[2025-04-21 14:51:11] Failed to send email to working@yahoo.in: SMTP Error: Could not connect to SMTP host. Failed to connect to server
[2025-04-21 14:51:11] Failed to send email to working@outlook.com: SMTP Error: Could not connect to SMTP host. Failed to connect to server
[2025-04-21 14:52:11] Failed to send email to 007_ikku@gmail.com: SMTP Error: Could not connect to SMTP host. Failed to connect to server
[2025-04-21 14:52:11] Failed to send email to 1115091998rk@gmail.com: SMTP Error: Could not connect to SMTP host. Failed to connect to server
[2025-04-21 14:52:11] Failed to send email to 123_45@gmail.com: SMTP Error: Could not connect to SMTP host. Failed to connect to server
[2025-04-21 14:52:11] Failed to send email to 124jh@gmail.com: SMTP Error: Could not connect to SMTP host. Failed to connect to server
[2025-04-21 14:52:11] Failed to send email to panchalsafsdasdf@gmail.com: SMTP Error: Could not connect to SMTP host. Failed to connect to server
[2025-04-21 14:52:11] Failed to send email to working@yahoo.in: SMTP Error: Could not connect to SMTP host. Failed to connect to server
[2025-04-21 14:52:11] Failed to send email to working@outlook.com: SMTP Error: Could not connect to SMTP host. Failed to connect to server
[2025-04-21 14:52:11] Failed to send email to 007_ikku@gmail.com: SMTP Error: Could not connect to SMTP host. Failed to connect to server
[2025-04-21 14:52:11] Failed to send email to 1115091998rk@gmail.com: SMTP Error: Could not connect to SMTP host. Failed to connect to server
[2025-04-21 14:52:11] Failed to send email to 123_45@gmail.com: SMTP Error: Could not connect to SMTP host. Failed to connect to server
[2025-04-21 14:52:11] Failed to send email to 124jh@gmail.com: SMTP Error: Could not connect to SMTP host. Failed to connect to server
[2025-04-21 14:52:11] Failed to send email to panchalsafsdasdf@gmail.com: SMTP Error: Could not connect to SMTP host. Failed to connect to server
[2025-04-21 14:52:11] Failed to send email to working@yahoo.in: SMTP Error: Could not connect to SMTP host. Failed to connect to server
[2025-04-21 14:52:11] Failed to send email to working@outlook.com: SMTP Error: Could not connect to SMTP host. Failed to connect to server
[2025-04-21 14:52:11] Failed to send email to 007_ikku@gmail.com: SMTP Error: Could not connect to SMTP host. Failed to connect to server
[2025-04-21 14:52:11] Failed to send email to 1115091998rk@gmail.com: SMTP Error: Could not connect to SMTP host. Failed to connect to server
[2025-04-21 14:52:11] Failed to send email to 123_45@gmail.com: SMTP Error: Could not connect to SMTP host. Failed to connect to server
[2025-04-21 14:52:11] Failed to send email to 124jh@gmail.com: SMTP Error: Could not connect to SMTP host. Failed to connect to server
[2025-04-21 14:52:11] Failed to send email to panchalsafsdasdf@gmail.com: SMTP Error: Could not connect to SMTP host. Failed to connect to server
[2025-04-21 14:52:11] Failed to send email to working@yahoo.in: SMTP Error: Could not connect to SMTP host. Failed to connect to server
[2025-04-21 14:52:11] Failed to send email to working@outlook.com: SMTP Error: Could not connect to SMTP host. Failed to connect to server
[2025-04-21 14:53:11] Failed to send email to 007_ikku@gmail.com: SMTP Error: Could not connect to SMTP host. Failed to connect to server
[2025-04-21 14:53:11] Failed to send email to 1115091998rk@gmail.com: SMTP Error: Could not connect to SMTP host. Failed to connect to server
[2025-04-21 14:53:11] Failed to send email to 123_45@gmail.com: SMTP Error: Could not connect to SMTP host. Failed to connect to server
[2025-04-21 14:53:11] Failed to send email to 124jh@gmail.com: SMTP Error: Could not connect to SMTP host. Failed to connect to server
[2025-04-21 14:53:11] Failed to send email to panchalsafsdasdf@gmail.com: SMTP Error: Could not connect to SMTP host. Failed to connect to server
[2025-04-21 14:53:11] Failed to send email to working@yahoo.in: SMTP Error: Could not connect to SMTP host. Failed to connect to server
[2025-04-21 14:53:11] Failed to send email to working@outlook.com: SMTP Error: Could not connect to SMTP host. Failed to connect to server
[2025-04-21 14:53:11] Failed to send email to 007_ikku@gmail.com: SMTP Error: Could not connect to SMTP host. Failed to connect to server
[2025-04-21 14:53:11] Failed to send email to 1115091998rk@gmail.com: SMTP Error: Could not connect to SMTP host. Failed to connect to server
[2025-04-21 14:53:11] Failed to send email to 123_45@gmail.com: SMTP Error: Could not connect to SMTP host. Failed to connect to server
[2025-04-21 14:53:11] Failed to send email to 124jh@gmail.com: SMTP Error: Could not connect to SMTP host. Failed to connect to server
[2025-04-21 14:53:11] Failed to send email to panchalsafsdasdf@gmail.com: SMTP Error: Could not connect to SMTP host. Failed to connect to server
[2025-04-21 14:53:11] Failed to send email to working@yahoo.in: SMTP Error: Could not connect to SMTP host. Failed to connect to server
[2025-04-21 14:53:11] Failed to send email to working@outlook.com: SMTP Error: Could not connect to SMTP host. Failed to connect to server
[2025-04-21 14:53:11] Failed to send email to 007_ikku@gmail.com: SMTP Error: Could not connect to SMTP host. Failed to connect to server
[2025-04-21 14:53:11] Failed to send email to 1115091998rk@gmail.com: SMTP Error: Could not connect to SMTP host. Failed to connect to server
[2025-04-21 14:53:11] Failed to send email to 123_45@gmail.com: SMTP Error: Could not connect to SMTP host. Failed to connect to server
[2025-04-21 14:53:11] Failed to send email to 124jh@gmail.com: SMTP Error: Could not connect to SMTP host. Failed to connect to server
[2025-04-21 14:53:11] Failed to send email to panchalsafsdasdf@gmail.com: SMTP Error: Could not connect to SMTP host. Failed to connect to server
[2025-04-21 14:53:11] Failed to send email to working@yahoo.in: SMTP Error: Could not connect to SMTP host. Failed to connect to server
[2025-04-21 14:53:11] Failed to send email to working@outlook.com: SMTP Error: Could not connect to SMTP host. Failed to connect to server
[2025-04-21 14:54:11] Failed to send email to 007_ikku@gmail.com: SMTP Error: Could not connect to SMTP host. Failed to connect to server
[2025-04-21 14:54:11] Failed to send email to 1115091998rk@gmail.com: SMTP Error: Could not connect to SMTP host. Failed to connect to server
[2025-04-21 14:54:11] Failed to send email to 123_45@gmail.com: SMTP Error: Could not connect to SMTP host. Failed to connect to server
[2025-04-21 14:54:11] Failed to send email to 124jh@gmail.com: SMTP Error: Could not connect to SMTP host. Failed to connect to server
[2025-04-21 14:54:11] Failed to send email to panchalsafsdasdf@gmail.com: SMTP Error: Could not connect to SMTP host. Failed to connect to server
[2025-04-21 14:54:11] Failed to send email to working@yahoo.in: SMTP Error: Could not connect to SMTP host. Failed to connect to server
[2025-04-21 14:54:11] Failed to send email to working@outlook.com: SMTP Error: Could not connect to SMTP host. Failed to connect to server
[2025-04-21 14:54:11] Failed to send email to 007_ikku@gmail.com: SMTP Error: Could not connect to SMTP host. Failed to connect to server
[2025-04-21 14:54:11] Failed to send email to 1115091998rk@gmail.com: SMTP Error: Could not connect to SMTP host. Failed to connect to server
[2025-04-21 14:54:11] Failed to send email to 123_45@gmail.com: SMTP Error: Could not connect to SMTP host. Failed to connect to server
[2025-04-21 14:54:11] Failed to send email to 124jh@gmail.com: SMTP Error: Could not connect to SMTP host. Failed to connect to server
[2025-04-21 14:54:11] Failed to send email to panchalsafsdasdf@gmail.com: SMTP Error: Could not connect to SMTP host. Failed to connect to server
[2025-04-21 14:54:11] Failed to send email to working@yahoo.in: SMTP Error: Could not connect to SMTP host. Failed to connect to server
[2025-04-21 14:54:11] Failed to send email to working@outlook.com: SMTP Error: Could not connect to SMTP host. Failed to connect to server
[2025-04-21 14:54:11] Failed to send email to 007_ikku@gmail.com: SMTP Error: Could not connect to SMTP host. Failed to connect to server
[2025-04-21 14:54:11] Failed to send email to 1115091998rk@gmail.com: SMTP Error: Could not connect to SMTP host. Failed to connect to server
[2025-04-21 14:54:11] Failed to send email to 123_45@gmail.com: SMTP Error: Could not connect to SMTP host. Failed to connect to server
[2025-04-21 14:54:11] Failed to send email to 124jh@gmail.com: SMTP Error: Could not connect to SMTP host. Failed to connect to server
[2025-04-21 14:54:11] Failed to send email to panchalsafsdasdf@gmail.com: SMTP Error: Could not connect to SMTP host. Failed to connect to server
[2025-04-21 14:54:11] Failed to send email to working@yahoo.in: SMTP Error: Could not connect to SMTP host. Failed to connect to server
[2025-04-21 14:54:11] Failed to send email to working@outlook.com: SMTP Error: Could not connect to SMTP host. Failed to connect to server
[2025-04-21 14:55:15] Sent email for campaign 8 to 007_ikku@gmail.com
[2025-04-21 14:55:19] Sent email for campaign 8 to 1115091998rk@gmail.com
[2025-04-21 14:55:29] Sent email for campaign 8 to 123_45@gmail.com
[2025-04-21 14:55:53] Sent email for campaign 8 to 124jh@gmail.com
[2025-04-21 14:55:57] Sent email for campaign 8 to panchalsafsdasdf@gmail.com
[2025-04-21 14:56:01] Sent email for campaign 8 to working@yahoo.in
[2025-04-21 14:56:05] Sent email for campaign 8 to working@outlook.com
[2025-04-21 14:56:09] Sent email for campaign 9 to 007_ikku@gmail.com
[2025-04-21 14:56:14] Sent email for campaign 9 to 1115091998rk@gmail.com
[2025-04-21 14:56:23] Sent email for campaign 9 to 123_45@gmail.com
[2025-04-21 14:56:28] Sent email for campaign 9 to 124jh@gmail.com
[2025-04-21 14:56:32] Sent email for campaign 9 to panchalsafsdasdf@gmail.com
[2025-04-21 14:56:37] Sent email for campaign 9 to working@yahoo.in
[2025-04-21 14:56:42] Sent email for campaign 9 to working@outlook.com
[2025-04-21 14:57:07] Sent email for campaign 10 to 007_ikku@gmail.com
[2025-04-21 14:57:22] Sent email for campaign 10 to 1115091998rk@gmail.com
[2025-04-21 15:04:47] Failed to send email to 123_45@gmail.com: SMTP Error: data not accepted.
[2025-04-21 15:05:00] Sent email for campaign 10 to 124jh@gmail.com
[2025-04-21 15:05:51] Sent email for campaign 10 to panchalsafsdasdf@gmail.com
[2025-04-21 15:15:53] Failed to send email to working@yahoo.in: SMTP Error: Could not authenticate.
[2025-04-21 15:15:53] Failed to send email to working@outlook.com: SMTP Error: Could not connect to SMTP host. Failed to connect to server
[2025-04-21 15:16:53] Failed to send email to 123_45@gmail.com: SMTP Error: Could not connect to SMTP host. Failed to connect to server
[2025-04-21 15:16:53] Failed to send email to working@yahoo.in: SMTP Error: Could not connect to SMTP host. Failed to connect to server
[2025-04-21 15:16:53] Failed to send email to working@outlook.com: SMTP Error: Could not connect to SMTP host. Failed to connect to server
[2025-04-21 15:17:53] Failed to send email to 123_45@gmail.com: SMTP Error: Could not connect to SMTP host. Failed to connect to server
[2025-04-21 15:17:53] Failed to send email to working@yahoo.in: SMTP Error: Could not connect to SMTP host. Failed to connect to server
[2025-04-21 15:17:53] Failed to send email to working@outlook.com: SMTP Error: Could not connect to SMTP host. Failed to connect to server
[2025-04-21 15:18:53] Failed to send email to 123_45@gmail.com: SMTP Error: Could not connect to SMTP host. Failed to connect to server
[2025-04-21 15:18:53] Failed to send email to working@yahoo.in: SMTP Error: Could not connect to SMTP host. Failed to connect to server
[2025-04-21 15:18:53] Failed to send email to working@outlook.com: SMTP Error: Could not connect to SMTP host. Failed to connect to server
[2025-04-21 15:19:53] Failed to send email to 123_45@gmail.com: SMTP Error: Could not connect to SMTP host. Failed to connect to server
[2025-04-21 15:19:53] Failed to send email to working@yahoo.in: SMTP Error: Could not connect to SMTP host. Failed to connect to server
[2025-04-21 15:19:53] Failed to send email to working@outlook.com: SMTP Error: Could not connect to SMTP host. Failed to connect to server
[2025-04-21 15:20:53] Failed to send email to 123_45@gmail.com: SMTP Error: Could not connect to SMTP host. Failed to connect to server
[2025-04-21 15:20:53] Failed to send email to working@yahoo.in: SMTP Error: Could not connect to SMTP host. Failed to connect to server
[2025-04-21 15:20:53] Failed to send email to working@outlook.com: SMTP Error: Could not connect to SMTP host. Failed to connect to server
[2025-04-21 15:21:53] Failed to send email to 123_45@gmail.com: SMTP Error: Could not connect to SMTP host. Failed to connect to server
[2025-04-21 15:21:53] Failed to send email to working@yahoo.in: SMTP Error: Could not connect to SMTP host. Failed to connect to server
[2025-04-21 15:21:53] Failed to send email to working@outlook.com: SMTP Error: Could not connect to SMTP host. Failed to connect to server
[2025-04-21 15:22:54] Failed to send email to 123_45@gmail.com: SMTP Error: Could not connect to SMTP host. Failed to connect to server
[2025-04-21 15:22:54] Failed to send email to working@yahoo.in: SMTP Error: Could not connect to SMTP host. Failed to connect to server
[2025-04-21 15:22:54] Failed to send email to working@outlook.com: SMTP Error: Could not connect to SMTP host. Failed to connect to server
[2025-04-21 15:23:54] Failed to send email to 123_45@gmail.com: SMTP Error: Could not connect to SMTP host. Failed to connect to server
[2025-04-21 15:23:54] Failed to send email to working@yahoo.in: SMTP Error: Could not connect to SMTP host. Failed to connect to server
[2025-04-21 15:23:54] Failed to send email to working@outlook.com: SMTP Error: Could not connect to SMTP host. Failed to connect to server
[2025-04-21 15:24:54] Failed to send email to 123_45@gmail.com: SMTP Error: Could not connect to SMTP host. Failed to connect to server
[2025-04-21 15:24:54] Failed to send email to working@yahoo.in: SMTP Error: Could not connect to SMTP host. Failed to connect to server
[2025-04-21 15:24:54] Failed to send email to working@outlook.com: SMTP Error: Could not connect to SMTP host. Failed to connect to server
[2025-04-21 15:25:54] Failed to send email to 123_45@gmail.com: SMTP Error: Could not connect to SMTP host. Failed to connect to server
[2025-04-21 15:25:54] Failed to send email to working@yahoo.in: SMTP Error: Could not connect to SMTP host. Failed to connect to server
[2025-04-21 15:25:54] Failed to send email to working@outlook.com: SMTP Error: Could not connect to SMTP host. Failed to connect to server
[2025-04-21 15:26:54] Failed to send email to 123_45@gmail.com: SMTP Error: Could not connect to SMTP host. Failed to connect to server
[2025-04-21 15:26:54] Failed to send email to working@yahoo.in: SMTP Error: Could not connect to SMTP host. Failed to connect to server
[2025-04-21 15:26:54] Failed to send email to working@outlook.com: SMTP Error: Could not connect to SMTP host. Failed to connect to server
[2025-04-21 15:27:54] Failed to send email to 123_45@gmail.com: SMTP Error: Could not connect to SMTP host. Failed to connect to server
[2025-04-21 15:27:54] Failed to send email to working@yahoo.in: SMTP Error: Could not connect to SMTP host. Failed to connect to server
[2025-04-21 15:27:54] Failed to send email to working@outlook.com: SMTP Error: Could not connect to SMTP host. Failed to connect to server
[2025-04-21 15:28:54] Failed to send email to 123_45@gmail.com: SMTP Error: Could not connect to SMTP host. Failed to connect to server
[2025-04-21 15:28:54] Failed to send email to working@yahoo.in: SMTP Error: Could not connect to SMTP host. Failed to connect to server
[2025-04-21 15:28:54] Failed to send email to working@outlook.com: SMTP Error: Could not connect to SMTP host. Failed to connect to server
[2025-04-21 15:29:54] Failed to send email to 123_45@gmail.com: SMTP Error: Could not connect to SMTP host. Failed to connect to server
[2025-04-21 15:29:54] Failed to send email to working@yahoo.in: SMTP Error: Could not connect to SMTP host. Failed to connect to server
[2025-04-21 15:29:54] Failed to send email to working@outlook.com: SMTP Error: Could not connect to SMTP host. Failed to connect to server
[2025-04-21 15:30:54] Failed to send email to 123_45@gmail.com: SMTP Error: Could not connect to SMTP host. Failed to connect to server
[2025-04-21 15:30:54] Failed to send email to working@yahoo.in: SMTP Error: Could not connect to SMTP host. Failed to connect to server
[2025-04-21 15:30:54] Failed to send email to working@outlook.com: SMTP Error: Could not connect to SMTP host. Failed to connect to server
[2025-04-21 15:31:54] Failed to send email to 123_45@gmail.com: SMTP Error: Could not connect to SMTP host. Failed to connect to server
[2025-04-21 15:31:54] Failed to send email to working@yahoo.in: SMTP Error: Could not connect to SMTP host. Failed to connect to server
[2025-04-21 15:31:54] Failed to send email to working@outlook.com: SMTP Error: Could not connect to SMTP host. Failed to connect to server
[2025-04-21 15:32:54] Failed to send email to 123_45@gmail.com: SMTP Error: Could not connect to SMTP host. Failed to connect to server
[2025-04-21 15:32:54] Failed to send email to working@yahoo.in: SMTP Error: Could not connect to SMTP host. Failed to connect to server
[2025-04-21 15:32:54] Failed to send email to working@outlook.com: SMTP Error: Could not connect to SMTP host. Failed to connect to server
[2025-04-21 15:33:54] Failed to send email to 123_45@gmail.com: SMTP Error: Could not connect to SMTP host. Failed to connect to server
[2025-04-21 15:33:54] Failed to send email to working@yahoo.in: SMTP Error: Could not connect to SMTP host. Failed to connect to server
[2025-04-21 15:33:54] Failed to send email to working@outlook.com: SMTP Error: Could not connect to SMTP host. Failed to connect to server
[2025-04-21 15:34:54] Failed to send email to 123_45@gmail.com: SMTP Error: Could not connect to SMTP host. Failed to connect to server
[2025-04-21 15:34:54] Failed to send email to working@yahoo.in: SMTP Error: Could not connect to SMTP host. Failed to connect to server
[2025-04-21 15:34:54] Failed to send email to working@outlook.com: SMTP Error: Could not connect to SMTP host. Failed to connect to server
[2025-04-21 15:35:54] Failed to send email to 123_45@gmail.com: SMTP Error: Could not connect to SMTP host. Failed to connect to server
[2025-04-21 15:35:54] Failed to send email to working@yahoo.in: SMTP Error: Could not connect to SMTP host. Failed to connect to server
[2025-04-21 15:35:54] Failed to send email to working@outlook.com: SMTP Error: Could not connect to SMTP host. Failed to connect to server
[2025-04-21 15:36:54] Failed to send email to 123_45@gmail.com: SMTP Error: Could not connect to SMTP host. Failed to connect to server
[2025-04-21 15:36:54] Failed to send email to working@yahoo.in: SMTP Error: Could not connect to SMTP host. Failed to connect to server
[2025-04-21 15:36:54] Failed to send email to working@outlook.com: SMTP Error: Could not connect to SMTP host. Failed to connect to server
[2025-04-21 15:37:54] Failed to send email to 123_45@gmail.com: SMTP Error: Could not connect to SMTP host. Failed to connect to server
[2025-04-21 15:37:54] Failed to send email to working@yahoo.in: SMTP Error: Could not connect to SMTP host. Failed to connect to server
[2025-04-21 15:37:54] Failed to send email to working@outlook.com: SMTP Error: Could not connect to SMTP host. Failed to connect to server
[2025-04-21 15:38:54] Failed to send email to 123_45@gmail.com: SMTP Error: Could not connect to SMTP host. Failed to connect to server
[2025-04-21 15:38:54] Failed to send email to working@yahoo.in: SMTP Error: Could not connect to SMTP host. Failed to connect to server
[2025-04-21 15:38:54] Failed to send email to working@outlook.com: SMTP Error: Could not connect to SMTP host. Failed to connect to server
[2025-04-21 15:39:55] Failed to send email to 123_45@gmail.com: SMTP Error: Could not connect to SMTP host. Failed to connect to server
[2025-04-21 15:39:55] Failed to send email to working@yahoo.in: SMTP Error: Could not connect to SMTP host. Failed to connect to server
[2025-04-21 15:39:55] Failed to send email to working@outlook.com: SMTP Error: Could not connect to SMTP host. Failed to connect to server
[2025-04-21 15:40:55] Failed to send email to 123_45@gmail.com: SMTP Error: Could not connect to SMTP host. Failed to connect to server
[2025-04-21 15:40:55] Failed to send email to working@yahoo.in: SMTP Error: Could not connect to SMTP host. Failed to connect to server
[2025-04-21 15:40:55] Failed to send email to working@outlook.com: SMTP Error: Could not connect to SMTP host. Failed to connect to server
[2025-04-21 15:41:55] Failed to send email to 123_45@gmail.com: SMTP Error: Could not connect to SMTP host. Failed to connect to server
[2025-04-21 15:41:55] Failed to send email to working@yahoo.in: SMTP Error: Could not connect to SMTP host. Failed to connect to server
[2025-04-21 15:41:55] Failed to send email to working@outlook.com: SMTP Error: Could not connect to SMTP host. Failed to connect to server
[2025-04-21 15:42:55] Failed to send email to 123_45@gmail.com: SMTP Error: Could not connect to SMTP host. Failed to connect to server
[2025-04-21 15:42:55] Failed to send email to working@yahoo.in: SMTP Error: Could not connect to SMTP host. Failed to connect to server
[2025-04-21 15:42:55] Failed to send email to working@outlook.com: SMTP Error: Could not connect to SMTP host. Failed to connect to server
[2025-04-21 15:43:55] Failed to send email to 123_45@gmail.com: SMTP Error: Could not connect to SMTP host. Failed to connect to server
[2025-04-21 15:43:55] Failed to send email to working@yahoo.in: SMTP Error: Could not connect to SMTP host. Failed to connect to server
[2025-04-21 15:43:55] Failed to send email to working@outlook.com: SMTP Error: Could not connect to SMTP host. Failed to connect to server
[2025-04-21 18:04:19] Failed to send email to 123_45@gmail.com: SMTP Error: Could not connect to SMTP host. Failed to connect to server
[2025-04-21 18:04:19] Failed to send email to working@yahoo.in: SMTP Error: Could not connect to SMTP host. Failed to connect to server
[2025-04-21 18:04:19] Failed to send email to working@outlook.com: SMTP Error: Could not connect to SMTP host. Failed to connect to server
[2025-04-21 18:05:24] Sent email for campaign 10 to 123_45@gmail.com
[2025-04-21 18:05:30] Sent email for campaign 10 to working@yahoo.in
[2025-04-21 18:05:37] Sent email for campaign 10 to working@outlook.com
[2025-04-21 18:11:43] Sent email for campaign 1 to 03580.hr@fourpoints.com
[2025-04-21 18:18:49] Sent email for campaign 11 to 00ar.khan@gmail.com
[2025-04-21 18:18:54] Sent email for campaign 11 to 0107sjain@gmail.com
[2025-04-21 18:19:00] Sent email for campaign 11 to 0202santu@gmail.com
[2025-04-21 18:19:05] Sent email for campaign 11 to 05rohitmishra@gmail.com
[2025-04-21 18:19:10] Sent email for campaign 11 to 08pradeepyadavspn@gmail.com
[2025-04-21 18:19:16] Sent email for campaign 11 to 1008harsh1@gmail.com
[2025-04-21 18:19:22] Sent email for campaign 11 to 100plusproperties.hyd@gmail.com
[2025-04-21 18:19:28] Sent email for campaign 11 to 111.svtax@gmail.com
[2025-04-21 18:19:32] Sent email for campaign 11 to 123gillu@gmail.com
[2025-04-21 18:19:39] Sent email for campaign 11 to 123snsarchitects@gmail.com
[2025-04-21 18:19:44] Sent email for campaign 11 to 127.0.0.17@gmail.com
[2025-04-21 18:19:50] Sent email for campaign 11 to panchalpavan800@gmail.com
