[2025-04-21 02:38:42] New campaigns detected, processing...
[2025-04-21 02:40:52] New campaigns detected, processing...
[2025-04-21 02:40:58] New campaigns detected, processing...
[2025-04-21 02:40:59] New campaigns detected, processing...
[2025-04-21 02:41:00] New campaigns detected, processing...
[2025-04-21 02:41:00] New campaigns detected, processing...
[2025-04-21 02:41:00] New campaigns detected, processing...
[2025-04-21 02:41:10] New campaigns detected, processing...
[2025-04-21 02:59:15] Sent email for campaign 2 to 00ar.khan@gmail.com
[2025-04-21 02:59:20] Sent email for campaign 2 to 0107sjain@gmail.com
[2025-04-21 02:59:25] Sent email for campaign 2 to 0202santu@gmail.com
[2025-04-21 02:59:29] Sent email for campaign 2 to 05rohitmishra@gmail.com
[2025-04-21 02:59:34] Sent email for campaign 2 to 08pradeepyadavspn@gmail.com
[2025-04-21 02:59:38] Sent email for campaign 2 to 1008harsh1@gmail.com
[2025-04-21 02:59:44] Sent email for campaign 2 to 100plusproperties.hyd@gmail.com
[2025-04-21 02:59:52] Sent email for campaign 2 to 111.svtax@gmail.com
[2025-04-21 02:59:57] Sent email for campaign 2 to 123gillu@gmail.com
[2025-04-21 03:00:03] Sent email for campaign 2 to 123snsarchitects@gmail.com
[2025-04-21 03:00:08] Sent email for campaign 2 to 127.0.0.17@gmail.com
[2025-04-21 03:00:14] Sent email for campaign 2 to panchalpavan800@gmail.com
[2025-04-21 03:04:20] Sent email for campaign 3 to 00ar.khan@gmail.com
[2025-04-21 03:04:25] Sent email for campaign 3 to 0107sjain@gmail.com
[2025-04-21 03:04:31] Sent email for campaign 3 to 0202santu@gmail.com
[2025-04-21 03:04:36] Sent email for campaign 3 to 05rohitmishra@gmail.com
[2025-04-21 03:04:42] Sent email for campaign 3 to 08pradeepyadavspn@gmail.com
[2025-04-21 03:04:47] Sent email for campaign 3 to 1008harsh1@gmail.com
[2025-04-21 03:04:53] Sent email for campaign 3 to 100plusproperties.hyd@gmail.com
[2025-04-21 03:04:58] Sent email for campaign 3 to 111.svtax@gmail.com
[2025-04-21 03:05:05] Sent email for campaign 3 to 123gillu@gmail.com
[2025-04-21 08:06:55] Sent email for campaign 3 to 123snsarchitects@gmail.com
[2025-04-21 08:07:00] Sent email for campaign 3 to 127.0.0.17@gmail.com
[2025-04-21 08:07:06] Sent email for campaign 3 to panchalpavan800@gmail.com
