[2025-05-01 17:58:39] [INFO] Sent to 00ar.khan@gmail.com
[2025-05-01 17:58:45] [INFO] Sent to 0107sjain@gmail.com
[2025-05-01 17:58:52] [INFO] Sent to 0202santu@gmail.com
[2025-05-01 17:58:59] [INFO] Sent to 05rohitmishra@gmail.com
[2025-05-01 17:59:05] [INFO] Sent to 08pradeepyadavspn@gmail.com
[2025-05-01 17:59:11] [INFO] Sent to 1008harsh1@gmail.com
[2025-05-01 17:59:16] [INFO] Sent to 100plusproperties.hyd@gmail.com
[2025-05-01 17:59:22] [INFO] Sent to 111.svtax@gmail.com
[2025-05-01 17:59:30] [INFO] Sent to 123gillu@gmail.com
[2025-05-01 17:59:38] [INFO] Sent to 123snsarchitects@gmail.com
[2025-05-01 17:59:51] [INFO] Sent to 127.0.0.17@gmail.com
[2025-05-01 17:59:57] [INFO] Sent to panchalpavan800@gmail.com
[2025-05-01 18:00:02] [INFO] Sent to 001.aokumar@gmail.com
[2025-05-01 18:00:07] [INFO] Sent to 007vikku@gmail.com
[2025-05-01 18:00:13] [INFO] Sent to 12jainhitesh@gmail.com
[2025-05-01 18:00:18] [INFO] Sent to 12rajeshwar@gmail.com
[2025-05-01 18:00:24] [INFO] Sent to 143psnayak@gmail.com
[2025-05-01 18:00:29] [INFO] Sent to 14aslfms@gmail.com
[2025-05-01 18:00:36] [INFO] Sent to 14jitumandal@gmail.com
[2025-05-01 18:00:42] [INFO] Sent to 150202.sg@gmail.com
[2025-05-01 18:00:53] [INFO] Sent to 1508frk@gmail.com
[2025-05-01 18:00:58] [INFO] Sent to 1509.tanya@gmail.com
[2025-05-01 18:01:05] [INFO] Sent to 17.vinay@gmail.com
[2025-05-01 18:01:11] [INFO] Sent to 17degreeshotel@gmail.com
[2025-05-01 18:01:17] [INFO] Sent to 1980parwez@gmail.com
[2025-05-01 18:01:24] [INFO] Sent to 1980vjayaprakash@gmail.com
[2025-05-01 18:01:29] [INFO] Sent to 1993shipra.ac@gmail.com
[2025-05-01 18:01:36] [INFO] Sent to 1999chethanchethu@gmail.com
[2025-05-01 18:01:41] [INFO] Sent to 1account@komaltexfab.com
[2025-05-01 18:01:47] [INFO] Sent to 1roofsoln@gmail.com
[2025-05-01 18:01:58] [INFO] Sent to 2013span@gmail.com
[2025-05-01 18:02:04] [INFO] Sent to 20986praveen@gmail.com
[2025-05-01 18:02:10] [INFO] Sent to 24helpsp@gmail.com
[2025-05-01 18:02:16] [INFO] Sent to 24hrsactiveprotection@gmail.com
[2025-05-01 18:02:21] [INFO] Sent to 24karatspimpri@gmail.com
[2025-05-01 18:02:27] [INFO] Sent to 24x7klmsh@gmail.com
[2025-05-01 18:02:34] [INFO] Sent to 27lipidome@gmail.com
[2025-05-01 18:02:39] [INFO] Sent to 288skb@gmail.com
[2025-05-01 18:02:45] [INFO] Sent to 2by2mart@gmail.com
[2025-05-01 18:02:52] [INFO] Sent to 2sharghadi@gmail.com
[2025-05-01 18:03:02] [INFO] Sent to 2williamsmalik12@gmail.com
[2025-05-01 18:03:08] [INFO] Sent to 316.aditya@gmail.com
[2025-05-01 18:03:14] [INFO] Sent to 38mkyadav@gmail.com
[2025-05-01 18:03:20] [INFO] Sent to 3dwebers@gmail.com
[2025-05-01 18:03:26] [INFO] Sent to 3rdgenerationsolutions@gmail.com
[2025-05-01 18:03:32] [INFO] Sent to 4brotherspackers@gmail.com
[2025-05-01 18:03:38] [INFO] Sent to 4s1point@gmail.com
[2025-05-01 18:03:44] [INFO] Sent to 4sgroup.sales@gmail.com
[2025-05-01 18:03:50] [INFO] Sent to 4sgroupsecurity@gmail.com
[2025-05-01 18:03:55] [INFO] Sent to 58nagendra@gmai.com
[2025-05-01 18:04:06] [INFO] Sent to 666.sudhir@gmail.com
[2025-05-01 18:04:12] [INFO] Sent to 66sarabjit@gmail.com
[2025-05-01 18:04:18] [INFO] Sent to 68sajan@gmail.com
[2025-05-01 18:04:24] [INFO] Sent to 786rajmm@gmail.com
[2025-05-01 18:04:30] [INFO] Sent to 7hrservices@gmail.com
[2025-05-01 18:04:37] [INFO] Sent to 7infostar@gmail.com
[2025-05-01 18:04:42] [INFO] Sent to 85manoj.singh2014@gmail.com
[2025-05-01 18:04:48] [INFO] Sent to 999hp999@gmail.com
[2025-05-01 18:04:54] [INFO] Sent to 99tactics99@gmail.com
[2025-05-01 18:04:59] [INFO] Sent to 9xitsolutions@gmail.com
[2025-05-01 18:05:11] [INFO] Sent to a.agarwal@gmail.com
[2025-05-01 18:05:17] [INFO] Sent to a.ahamed1301@gmail.com
[2025-05-01 18:05:23] [INFO] Sent to a.is.akshayanand@gmail.com
[2025-05-01 18:05:29] [INFO] Sent to a.kotwal@essemindia.com
[2025-05-01 18:05:35] [INFO] Sent to a.mogal@osrinfra.com
[2025-05-01 18:05:41] [INFO] Sent to a.nakade@innovastu.com
[2025-05-01 18:05:47] [INFO] Sent to a.p.textile@gmail.com
[2025-05-01 18:05:52] [INFO] Sent to a.yadav0801@gmail.com
[2025-05-01 18:05:59] [INFO] Sent to a1security@gmail.com
[2025-05-01 18:06:05] [INFO] Sent to a2pconstruction@gmail.com
[2025-05-01 18:06:16] [INFO] Sent to a2zaccounting@gmail.com
[2025-05-01 18:06:22] [INFO] Sent to a2ztaxcare@gmail.com
[2025-05-01 18:06:28] [INFO] Sent to a6pali@gmail.com
[2025-05-01 18:06:34] [INFO] Sent to a8.iipm@gmail.com
[2025-05-01 18:06:40] [INFO] Sent to aaaaa@gmail.com
[2025-05-01 18:06:46] [INFO] Sent to aaankitm@gmail.com
[2025-05-01 18:06:52] [INFO] Sent to aabhiisrivastavaa@gmail.com
[2025-05-01 18:06:58] [INFO] Sent to aackare@gmail.com
[2025-05-01 18:07:04] [INFO] Sent to aacnt2@goranpharma.com
[2025-05-01 18:07:10] [INFO] Sent to aadarsh.const@gmail.com
[2025-05-01 18:08:29] [INFO] Sent to aadharprime@gmail.com
[2025-05-01 18:08:36] [INFO] Sent to aadhavasales@gmail.com
[2025-05-01 18:08:41] [INFO] Sent to aadi21.g@gmail.com
[2025-05-01 18:08:48] [INFO] Sent to aadinathconsultancy7@gmail.com
[2025-05-01 18:08:53] [INFO] Sent to aadisarvtramultiservices@gmail.com
[2025-05-01 18:08:59] [INFO] Sent to aafoodfactory@gmail.com
[2025-05-01 18:09:05] [INFO] Sent to aafu19@gmail.com
[2025-05-01 18:09:11] [INFO] Sent to aaijazshah@gmail.com
[2025-05-01 18:09:16] [INFO] Sent to aak.sach@gmail.com
[2025-05-01 18:09:22] [INFO] Sent to aakar.print@gmail.com
[2025-05-01 18:09:33] [INFO] Sent to aakarshrink123@gmail.com
[2025-05-01 18:09:39] [INFO] Sent to aakash@laxmiagro.com
[2025-05-01 18:09:45] [INFO] Sent to aakashagrawal55@gmail.com
[2025-05-01 18:09:50] [INFO] Sent to aakashassociatesknr@gmail.com
[2025-05-01 18:09:57] [INFO] Sent to aakashcybercaferampur@gmail.com
[2025-05-01 18:10:03] [INFO] Sent to aakashesic@gmail.com
[2025-05-01 18:10:10] [INFO] Sent to aakashkumarsuthar@gmail.com
[2025-05-01 18:10:15] [INFO] Sent to aakritisingh0142@gmail.com
[2025-05-01 18:10:21] [INFO] Sent to aakruti.nrt@gmail.com
[2025-05-01 18:10:28] [INFO] Sent to aakruticonstruction111@gmail.com
[2025-05-01 18:12:00] [INFO] Sent to aalapdesai26@gmail.com
[2025-05-01 18:12:06] [INFO] Sent to aalggarii@gmail.com
[2025-05-01 18:12:12] [INFO] Sent to aamir20081986@gmail.com
[2025-05-01 18:12:17] [INFO] Sent to aamit75singh@gmail.com
[2025-05-01 18:12:24] [INFO] Sent to aamitb257@gmail.com
[2025-05-01 18:12:30] [INFO] Sent to aanalamahesh143@gmail.com
[2025-05-01 18:12:35] [INFO] Sent to aanchalfabrics@gmail.com
[2025-05-01 18:12:41] [INFO] Sent to aangiarchi@gmail.com
[2025-05-01 18:12:47] [INFO] Sent to aao.jvvnl@gmail.com
[2025-05-01 18:12:53] [INFO] Sent to aaohdcity@gmaol.com
[2025-05-01 18:13:04] [INFO] Sent to aaqibmusthafa03@gmail.com
[2025-05-01 18:13:10] [INFO] Sent to aaradhyaconsultant2018@gmail.com
[2025-05-01 18:13:15] [INFO] Sent to aaress@aaress.com
[2025-05-01 18:13:21] [INFO] Sent to aarkint@gmail.com
[2025-05-01 18:13:28] [INFO] Sent to aarthangers@gmail.com
[2025-05-01 18:13:34] [INFO] Sent to aarthi@gmail.com
[2025-05-01 18:13:40] [INFO] Sent to aarti.kirve@prescientcolor.com
[2025-05-01 18:13:46] [INFO] Sent to aarti@purples.co.in
[2025-05-01 18:13:51] [INFO] Sent to aarti_chitkara@opiant.in
[2025-05-01 18:13:57] [INFO] Sent to aartisuitings@gmail.com
[2025-05-01 18:14:16] [INFO] Sent to aarunihospitalpvtltd@gmail.com
[2025-05-01 18:14:23] [INFO] Sent to aarunsengar.777@gmail.com
[2025-05-01 18:14:29] [INFO] Sent to aarushkaswan2@gmail.com
[2025-05-01 18:14:35] [INFO] Sent to aarvanss.govind@gmail.com
[2025-05-01 18:14:41] [INFO] Sent to aaryaa.automotives19@gmail.com
[2025-05-01 18:14:48] [INFO] Sent to aaryan.bharat@gmail.com
[2025-05-01 18:14:54] [INFO] Sent to aaryastaffingservices@gmail.com
[2025-05-01 18:22:19] [INFO] Failed to send to aashareddy@gmail.com: SMTP Error: Could not authenticate.
[2025-05-01 18:22:25] [INFO] Sent to aasheesh@indithinkk.com
[2025-05-01 18:22:31] [INFO] Sent to manjunathsm@gmail.com
[2025-05-02 07:48:44] [INFO] Campaign not found. Exiting.
