[2025-05-02 08:43:05] [INFO] No active SMTP servers available
[2025-05-02 08:43:05] [INFO] No emails processed in this batch. Possible rate limiting.
[2025-05-02 08:43:35] [INFO] No active SMTP servers available
[2025-05-02 08:43:35] [INFO] No emails processed in this batch. Possible rate limiting.
[2025-05-02 08:44:06] [INFO] No active SMTP servers available
[2025-05-02 08:44:06] [INFO] No emails processed in this batch. Possible rate limiting.
[2025-05-02 08:44:36] [INFO] No active SMTP servers available
[2025-05-02 08:44:36] [INFO] No emails processed in this batch. Possible rate limiting.
[2025-05-02 08:45:06] [INFO] No active SMTP servers available
[2025-05-02 08:45:06] [INFO] No emails processed in this batch. Possible rate limiting.
[2025-05-02 08:45:36] [INFO] No active SMTP servers available
[2025-05-02 08:45:36] [INFO] No emails processed in this batch. Possible rate limiting.
[2025-05-02 08:46:06] [INFO] No active SMTP servers available
[2025-05-02 08:46:06] [INFO] No emails processed in this batch. Possible rate limiting.
[2025-05-02 08:46:36] [INFO] No active SMTP servers available
[2025-05-02 08:46:36] [INFO] No emails processed in this batch. Possible rate limiting.
[2025-05-02 08:47:06] [INFO] No active SMTP servers available
[2025-05-02 08:47:06] [INFO] No emails processed in this batch. Possible rate limiting.
[2025-05-02 08:47:36] [INFO] No active SMTP servers available
[2025-05-02 08:47:36] [INFO] No emails processed in this batch. Possible rate limiting.
[2025-05-02 08:48:06] [INFO] No active SMTP servers available
[2025-05-02 08:48:06] [INFO] No emails processed in this batch. Possible rate limiting.
[2025-05-02 08:48:36] [INFO] No active SMTP servers available
[2025-05-02 08:48:36] [INFO] No emails processed in this batch. Possible rate limiting.
[2025-05-02 08:49:06] [INFO] No active SMTP servers available
[2025-05-02 08:49:06] [INFO] No emails processed in this batch. Possible rate limiting.
[2025-05-02 08:49:36] [INFO] No active SMTP servers available
[2025-05-02 08:49:36] [INFO] No emails processed in this batch. Possible rate limiting.
[2025-05-02 08:50:06] [INFO] No active SMTP servers available
[2025-05-02 08:50:06] [INFO] No emails processed in this batch. Possible rate limiting.
[2025-05-02 08:50:37] [INFO] No active SMTP servers available
[2025-05-02 08:50:37] [INFO] No emails processed in this batch. Possible rate limiting.
[2025-05-02 08:51:07] [INFO] No active SMTP servers available
[2025-05-02 08:51:07] [INFO] No emails processed in this batch. Possible rate limiting.
[2025-05-02 08:51:37] [INFO] No active SMTP servers available
[2025-05-02 08:51:37] [INFO] No emails processed in this batch. Possible rate limiting.
[2025-05-02 08:52:07] [INFO] No active SMTP servers available
[2025-05-02 08:52:07] [INFO] No emails processed in this batch. Possible rate limiting.
[2025-05-02 08:52:37] [INFO] No active SMTP servers available
[2025-05-02 08:52:37] [INFO] No emails processed in this batch. Possible rate limiting.
[2025-05-02 08:53:07] [INFO] No active SMTP servers available
[2025-05-02 08:53:07] [INFO] No emails processed in this batch. Possible rate limiting.
[2025-05-02 08:53:37] [INFO] No active SMTP servers available
[2025-05-02 08:53:37] [INFO] No emails processed in this batch. Possible rate limiting.
[2025-05-02 08:54:07] [INFO] No active SMTP servers available
[2025-05-02 08:54:07] [INFO] No emails processed in this batch. Possible rate limiting.
[2025-05-02 08:54:37] [INFO] No active SMTP servers available
[2025-05-02 08:54:37] [INFO] No emails processed in this batch. Possible rate limiting.
[2025-05-02 08:55:07] [INFO] No active SMTP servers available
[2025-05-02 08:55:07] [INFO] No emails processed in this batch. Possible rate limiting.
[2025-05-02 08:55:37] [INFO] No active SMTP servers available
[2025-05-02 08:55:37] [INFO] No emails processed in this batch. Possible rate limiting.
[2025-05-02 08:56:07] [INFO] No active SMTP servers available
[2025-05-02 08:56:07] [INFO] No emails processed in this batch. Possible rate limiting.
[2025-05-02 08:56:37] [INFO] No active SMTP servers available
[2025-05-02 08:56:37] [INFO] No emails processed in this batch. Possible rate limiting.
[2025-05-02 08:57:07] [INFO] No active SMTP servers available
[2025-05-02 08:57:07] [INFO] No emails processed in this batch. Possible rate limiting.
[2025-05-02 08:57:37] [INFO] No active SMTP servers available
[2025-05-02 08:57:37] [INFO] No emails processed in this batch. Possible rate limiting.
[2025-05-02 08:58:07] [INFO] No active SMTP servers available
[2025-05-02 08:58:07] [INFO] No emails processed in this batch. Possible rate limiting.
[2025-05-02 08:58:38] [INFO] No active SMTP servers available
[2025-05-02 08:58:38] [INFO] No emails processed in this batch. Possible rate limiting.
[2025-05-02 08:59:08] [INFO] No active SMTP servers available
[2025-05-02 08:59:08] [INFO] No emails processed in this batch. Possible rate limiting.
[2025-05-02 08:59:38] [INFO] No active SMTP servers available
[2025-05-02 08:59:38] [INFO] No emails processed in this batch. Possible rate limiting.
[2025-05-02 09:00:18] [INFO] Sent to abhisheknascent1@gmail.com
[2025-05-02 09:00:23] [INFO] Sent to abhishekpandey0960@gmail.com
[2025-05-02 09:00:28] [INFO] Sent to abhishekrpz@gmail.com
[2025-05-02 09:00:35] [INFO] Sent to abhisheksharma4bhl@gmail.com
[2025-05-02 09:00:41] [INFO] Sent to abhishektiwari9585@gmail.com
[2025-05-02 09:00:46] [INFO] Sent to abhishekvaishnav1611@gmail.com
[2025-05-02 09:00:52] [INFO] Sent to abhistutorial@gmail.com
[2025-05-02 09:00:58] [INFO] Sent to abhisudha@gmail.com
[2025-05-02 09:01:03] [INFO] Sent to abhisurvns@gmail.com
[2025-05-02 09:01:09] [INFO] Sent to abhitkumar.parab@gmail.com
[2025-05-02 09:01:20] [INFO] Sent to abhitkumarparab@gmail.com
[2025-05-02 09:01:27] [INFO] Sent to abidhabm@gmail.com
[2025-05-02 09:01:32] [INFO] Sent to abilash@gmail.com
[2025-05-02 09:01:38] [INFO] Sent to abilash76@gmail.com
[2025-05-02 09:01:44] [INFO] Sent to abinav@gmail.com
[2025-05-02 09:01:49] [INFO] Sent to abkanjilal@gmail.com
[2025-05-02 09:01:55] [INFO] Sent to abkumarconsultant@gmail.com
[2025-05-02 09:02:02] [INFO] Sent to abl@bkca.co.in
[2025-05-02 09:02:08] [INFO] Sent to abnish@raspl.com
[2025-05-02 09:02:14] [INFO] Sent to abrar.kapadia.78@gmail.com
[2025-05-02 09:02:31] [INFO] Sent to abrarqureshi2010@gmail.com
[2025-05-02 09:02:37] [INFO] Sent to absbizsoft@gmail.com
[2025-05-02 09:02:44] [INFO] Sent to abul@exclusivead.in
[2025-05-02 09:02:50] [INFO] Sent to abulkalam@solutionexperts.co.in
[2025-05-02 09:02:57] [INFO] Sent to ac.tattva@gmail.com
[2025-05-02 09:03:03] [INFO] Sent to ac.ubber@gmail.com
[2025-05-02 09:03:08] [INFO] Sent to ac1@bombaychamber.com
[2025-05-02 09:03:15] [INFO] Sent to aca.sitaram@gmail.com
[2025-05-02 09:03:21] [INFO] Sent to academics.ho@theorbisschool.com
[2025-05-02 09:03:27] [INFO] Sent to acaram89@gmail.com
[2025-05-02 09:03:39] [INFO] Sent to acare.acc11@gmail.com
[2025-05-02 09:03:45] [INFO] Sent to acc.assjcollege@gmail.com
[2025-05-02 09:03:52] [INFO] Sent to acc.caped@gmail.com
[2025-05-02 09:03:57] [INFO] Sent to acc.dolvis@gmail.com
[2025-05-02 09:04:02] [INFO] Sent to acc.gsphc@gmail.com
[2025-05-02 09:04:08] [INFO] Sent to acc.innovative1@gmail.com
[2025-05-02 09:04:12] [INFO] Sent to acc.jpmotors@gmail.com
[2025-05-02 09:04:17] [INFO] Sent to acc.mpdgroup@gmail.com
[2025-05-02 09:04:23] [INFO] Sent to acc.nakodacorporationind@gmail.com
[2025-05-02 09:04:29] [INFO] Sent to acc.prasadpsycho@gmail.com
[2025-05-02 09:04:39] [INFO] Sent to acc.rawat@gmail.com
[2025-05-02 09:04:44] [INFO] Sent to acc.sapack@gmail.com
[2025-05-02 09:04:50] [INFO] Sent to acc.supradigital@gmail.com
[2025-05-02 09:04:55] [INFO] Sent to acc.vsupply@gmail.com
[2025-05-02 09:05:01] [INFO] Sent to acc@coatecindia.com
[2025-05-02 09:05:06] [INFO] Sent to accentmconsultants@gmail.com
[2025-05-02 09:05:12] [INFO] Sent to access.services303@gmail.com
[2025-05-02 09:05:20] [INFO] Sent to acckrjfoods@gmail.com
[2025-05-02 09:05:25] [INFO] Sent to accnts.pof@gmail.com
[2025-05-02 09:05:31] [INFO] Sent to acconomy.in@gmail.com
[2025-05-02 09:05:43] [INFO] Sent to account@bimshospital.com
[2025-05-02 09:05:52] [INFO] Sent to account@cironpharma.com
[2025-05-02 09:05:58] [INFO] Sent to account@dranindia.com
[2025-05-02 09:06:04] [INFO] Sent to account@futuretecsol.com
[2025-05-02 09:06:10] [INFO] Sent to account@greindia.com
[2025-05-02 09:06:16] [INFO] Sent to account@megaitstore.net
[2025-05-02 09:06:22] [INFO] Sent to account@mkshahmcrc.co.in
[2025-05-02 09:06:28] [INFO] Sent to account@newtoneng.com
[2025-05-02 09:06:34] [INFO] Sent to account@redphaseindia.com
[2025-05-02 09:06:41] [INFO] Sent to account@skfelixer.in
[2025-05-02 09:06:52] [INFO] Sent to account@sumaxenterprises.com
[2025-05-02 09:06:58] [INFO] Sent to account@uniqueforgings.in
[2025-05-02 09:07:03] [INFO] Sent to account@universalinstruments.co.in
[2025-05-02 09:07:10] [INFO] Sent to account@vetoswitchgears.com
[2025-05-02 09:07:16] [INFO] Sent to account@yashiindia.com
[2025-05-02 09:07:21] [INFO] Sent to account_club@celebrityhospitality.com
[2025-05-02 09:07:27] [INFO] Sent to account2@polydrug.com
[2025-05-02 09:07:33] [INFO] Sent to account3@tcspinner.com
[2025-05-02 09:07:40] [INFO] Sent to accountacp@maplalupanel.com
[2025-05-02 09:07:45] [INFO] Sent to accountant.navyug@dps.edu.in
[2025-05-02 09:07:57] [INFO] Sent to accountant@fortunehyundai.com
[2025-05-02 09:08:03] [INFO] Sent to accountantcochin@gmail.com
[2025-05-02 09:08:10] [INFO] Sent to accounting@fintaxexperts.com
[2025-05-02 09:08:16] [INFO] Sent to accounting@marutirubplast.com
[2025-05-02 09:08:23] [INFO] Sent to accounts.eye@sbhhospital.com
[2025-05-02 09:08:30] [INFO] Sent to accounts.factory@cornileus.com
[2025-05-02 09:08:36] [INFO] Sent to accounts.fkblr@francisklein.in
[2025-05-02 09:08:42] [INFO] Sent to accounts.in@kobold.com
[2025-05-02 09:08:49] [INFO] Sent to accounts.india@welding-alloys.com
[2025-05-02 09:08:55] [INFO] Sent to accounts.indore@navininfra.com
[2025-05-02 09:09:06] [INFO] Sent to accounts.khpl@karnehospital.com
[2025-05-02 09:09:12] [INFO] Sent to accounts.navjivan@gmail.com
[2025-05-02 09:09:18] [INFO] Sent to accounts.ramakant@sppgoa.com
[2025-05-02 09:09:24] [INFO] Sent to accounts.sales2@pawl.in
[2025-05-02 09:09:30] [INFO] Sent to accounts.saral@gmail.com
[2025-05-02 09:09:36] [INFO] Sent to accounts.sericare@gmail.com
[2025-05-02 09:09:41] [INFO] Sent to accounts.ssengrindia@gmail.com
[2025-05-02 09:09:47] [INFO] Sent to accounts.vadodaranorth@renault-india.com
[2025-05-02 09:09:53] [INFO] Sent to accounts@aamod.in
[2025-05-02 09:09:59] [INFO] Sent to accounts@aasaeng.com
[2025-05-02 09:10:09] [INFO] Sent to accounts@accurateworld.com
[2025-05-02 09:10:15] [INFO] Sent to accounts@addwatt.in
[2025-05-02 09:10:21] [INFO] Sent to accounts@agrolandia.in
[2025-05-02 09:10:27] [INFO] Sent to accounts@akvalo.com
[2025-05-02 09:10:32] [INFO] Sent to accounts@amaragri.com
[2025-05-02 09:10:38] [INFO] Sent to accounts@ambanivitrified.com
[2025-05-02 09:10:43] [INFO] Sent to accounts@ambertsp.com
[2025-05-02 09:10:50] [INFO] Sent to accounts@amcogroup.in
[2025-05-02 09:10:57] [INFO] Sent to accounts@anandsurgicalhospital.com
[2025-05-02 09:11:03] [INFO] Sent to accounts@aneer.net
[2025-05-02 09:11:15] [INFO] Sent to accounts@ankitind.com
[2025-05-02 09:11:21] [INFO] Sent to accounts@apmdesignbuild.com
[2025-05-02 09:11:26] [INFO] Sent to accounts@aradanatv.com
[2025-05-02 09:11:33] [INFO] Sent to accounts@arthdesignbuild.com
[2025-05-02 09:11:40] [INFO] Sent to accounts@athulyabellow.com
[2025-05-02 09:11:46] [INFO] Sent to accounts@aurofood.com
[2025-05-02 09:11:53] [INFO] Sent to accounts@balavigna.com
[2025-05-02 09:11:59] [INFO] Sent to accounts@bashgo.com
[2025-05-02 09:12:05] [INFO] Sent to accounts@beyond-alliance.com
[2025-05-02 09:12:11] [INFO] Sent to accounts@bmshospital.com
[2025-05-02 09:12:22] [INFO] Sent to accounts@bsbedge.com
[2025-05-02 09:12:28] [INFO] Sent to accounts@choyal.com
[2025-05-02 09:12:34] [INFO] Sent to accounts@ciriatanning.com
[2025-05-02 09:12:39] [INFO] Sent to accounts@coimbatorejewellers.com
[2025-05-02 09:12:46] [INFO] Sent to accounts@coldforge.com
[2025-05-02 09:12:53] [INFO] Sent to accounts@companystore.in
[2025-05-02 09:12:59] [INFO] Sent to accounts@conexxiontech.com
[2025-05-02 09:13:04] [INFO] Sent to accounts@constroequipments.com
[2025-05-02 09:13:10] [INFO] Sent to accounts@coriolis.co.in
[2025-05-02 09:13:16] [INFO] Sent to accounts@ddu.ac.in
[2025-05-02 09:13:27] [INFO] Sent to accounts@deccanpavilion.com
[2025-05-02 09:13:33] [INFO] Sent to accounts@dgstranslogistics.com
[2025-05-02 09:13:39] [INFO] Sent to accounts@dhyeyaias.com
[2025-05-02 09:13:45] [INFO] Sent to accounts@dmhospital.org
[2025-05-02 09:13:52] [INFO] Sent to accounts@doctorrust.com
[2025-05-02 09:13:59] [INFO] Sent to accounts@ehaaviation.com
[2025-05-02 09:14:07] [INFO] Sent to accounts@elmec.in
[2025-05-02 09:14:12] [INFO] Sent to accounts@epragathi.com
[2025-05-02 09:14:19] [INFO] Sent to accounts@escapeventures.in
[2025-05-02 09:14:25] [INFO] Sent to accounts@evaidya.com
[2025-05-02 09:15:23] [INFO] Sent to accounts@eye7.in
[2025-05-02 09:15:34] [INFO] Sent to accounts@fornnax.com
[2025-05-02 09:15:45] [INFO] Sent to accounts@fugenstone.com
[2025-05-02 09:15:58] [INFO] Sent to accounts@garudapumps.com
[2025-05-02 09:16:09] [INFO] Sent to accounts@globalgadgets.co.in
[2025-05-02 09:16:22] [INFO] Sent to accounts@globalvillageresorts.com
[2025-05-02 09:16:34] [INFO] Sent to accounts@goelandgoel.com
[2025-05-02 09:16:45] [INFO] Sent to accounts@gopinathjihonda.in
[2025-05-02 09:16:56] [INFO] Sent to accounts@goyalhospital.org
[2025-05-02 09:17:08] [INFO] Sent to accounts@greatandhra.com
[2025-05-02 09:17:24] [INFO] Sent to accounts@greentechenviron.com
[2025-05-02 09:17:35] [INFO] Sent to accounts@gtsppl.com
[2025-05-02 09:17:47] [INFO] Sent to accounts@halwasiyagroup.com
[2025-05-02 09:17:58] [INFO] Sent to accounts@healthscion.com
[2025-05-02 09:18:11] [INFO] Sent to accounts@hotelhilltone.com
[2025-05-02 09:18:23] [INFO] Sent to accounts@hotelshreepanchratna.in
[2025-05-02 09:18:34] [INFO] Sent to accounts@hrln.org
[2025-05-02 09:18:46] [INFO] Sent to accounts@htcgroupindia.com
[2025-05-02 09:18:59] [INFO] Sent to accounts@hymoulds.in
[2025-05-02 09:19:09] [INFO] Sent to accounts@incitecam.com
[2025-05-02 09:23:08] [INFO] Sent to accounts@indiagems.com
[2025-05-02 09:23:20] [INFO] Sent to accounts@infinitetelecom.in
[2025-05-02 09:23:32] [INFO] Sent to accounts@isotexcorp.com
[2025-05-02 09:23:44] [INFO] Sent to accounts@isragroups.com
[2025-05-02 09:23:56] [INFO] Sent to accounts@itwconsulting.in
[2025-05-02 09:24:06] [INFO] Sent to accounts@jainassociates.com
[2025-05-02 09:24:18] [INFO] Sent to accounts@johnselectric.in
[2025-05-02 09:24:29] [INFO] Sent to accounts@jphschool.com
[2025-05-02 09:24:41] [INFO] Sent to accounts@kakatipumps.com
[2025-05-02 09:24:52] [INFO] Sent to accounts@karnataka.org
[2025-05-02 09:25:10] [INFO] Sent to accounts@konguindia.com
[2025-05-02 09:25:23] [INFO] Sent to accounts@kreyainfratech.com
[2025-05-02 09:25:34] [INFO] Sent to accounts@kronokare.com
[2025-05-02 09:25:46] [INFO] Sent to accounts@ksdjaindentalcollege.edu.in
[2025-05-02 09:25:58] [INFO] Sent to accounts@legacylifespaces.com
[2025-05-02 09:26:11] [INFO] Sent to accounts@maharajatheroyalresort.com
[2025-05-02 09:26:22] [INFO] Sent to accounts@manavconsultants.com
[2025-05-02 09:26:34] [INFO] Sent to accounts@marvelleskincare.com
[2025-05-02 09:26:46] [INFO] Sent to accounts@maxlite.in
[2025-05-02 09:26:57] [INFO] Sent to accounts@meddatacarepro.com
[2025-05-02 09:27:15] [INFO] Sent to accounts@medmap.in
[2025-05-02 09:27:28] [INFO] Sent to accounts@montanainternational.in
[2025-05-02 09:27:41] [INFO] Sent to accounts@mountmanor.com
[2025-05-02 09:27:53] [INFO] Sent to accounts@muskaanpolymers.in
[2025-05-02 09:28:06] [INFO] Sent to accounts@nav.co.in
[2025-05-02 09:28:19] [INFO] Sent to accounts@ndimdelhi.org
[2025-05-02 09:28:31] [INFO] Sent to accounts@netsolitsolution.com
[2025-05-02 09:28:42] [INFO] Sent to accounts@nevcoengineers.com
[2025-05-02 09:28:55] [INFO] Sent to accounts@nimblegrowth.in
[2025-05-02 09:29:07] [INFO] Sent to accounts@nirbanapalace.com
[2025-05-02 09:29:22] [INFO] Sent to accounts@opalindustries.com
[2025-05-02 09:29:33] [INFO] Sent to accounts@optoninfocom.com
[2025-05-02 09:29:44] [INFO] Sent to accounts@oraneconsulting.com
[2025-05-02 09:29:55] [INFO] Sent to accounts@palred.com
[2025-05-02 09:30:05] [INFO] Sent to accounts@parachem.in
[2025-05-02 09:30:15] [INFO] Sent to accounts@pegasusforwarding.com
[2025-05-02 09:30:26] [INFO] Sent to accounts@peopleframe.in
[2025-05-02 09:30:36] [INFO] Sent to accounts@plastobag.in
[2025-05-02 09:30:47] [INFO] Sent to accounts@pluscreations.org
[2025-05-02 09:30:57] [INFO] Sent to accounts@procyonlifesciences.com
[2025-05-02 09:31:13] [INFO] Sent to accounts@psrprojects.com
[2025-05-02 09:31:23] [INFO] Sent to accounts@punjabcarbonic.com
[2025-05-02 09:31:33] [INFO] Sent to accounts@pyroguardengineers.com
[2025-05-02 09:31:43] [INFO] Sent to accounts@raneindustries.com
[2025-05-02 09:31:54] [INFO] Sent to accounts@regalcreative.in
[2025-05-02 09:32:05] [INFO] Sent to accounts@retailware.in
[2025-05-02 09:32:15] [INFO] Sent to accounts@ronukgroup.com
[2025-05-02 09:32:26] [INFO] Sent to accounts@saffronindia.net
[2025-05-02 09:32:37] [INFO] Sent to accounts@sahyadrischool.org
[2025-05-02 09:32:47] [INFO] Sent to accounts@saiforge.com
[2025-05-02 09:33:05] [INFO] Sent to accounts@sdauto.co.in
[2025-05-02 09:33:15] [INFO] Sent to accounts@search-value.com
[2025-05-02 09:33:27] [INFO] Sent to accounts@securasecurity.co.in
[2025-05-02 09:33:39] [INFO] Sent to accounts@shanpar.com
[2025-05-02 09:33:51] [INFO] Sent to accounts@shekareyehospital.com
[2025-05-02 09:34:02] [INFO] Sent to accounts@shriharidyes.com
[2025-05-02 09:34:13] [INFO] Sent to accounts@siflonpharma.com
[2025-05-02 09:34:24] [INFO] Sent to accounts@siliconsafepack.com
[2025-05-02 09:34:36] [INFO] Sent to accounts@singla.in
[2025-05-02 09:34:47] [INFO] Sent to accounts@siricomindia.com
[2025-05-02 09:35:04] [INFO] Sent to accounts@sjlt.in
[2025-05-02 09:35:15] [INFO] Sent to accounts@skit.ac.in
[2025-05-02 09:35:26] [INFO] Sent to accounts@smauto.co.in
[2025-05-02 09:35:36] [INFO] Sent to accounts@smekg.co.in
[2025-05-02 09:35:47] [INFO] Sent to accounts@soulclothing.in
[2025-05-02 09:36:01] [INFO] Sent to accounts@spaceindia.in
[2025-05-02 09:36:11] [INFO] Sent to accounts@spiktel.com
[2025-05-02 09:36:23] [INFO] Sent to accounts@spsa.ac.in
[2025-05-02 09:36:34] [INFO] Sent to accounts@spsintrad.com
[2025-05-02 09:36:46] [INFO] Sent to accounts@sriudyog.com
[2025-05-02 09:37:03] [INFO] Sent to accounts@srplogistics.com
[2025-05-02 09:37:16] [INFO] Sent to accounts@ssdevelopers.co
[2025-05-02 09:37:30] [INFO] Sent to accounts@steadfastservices.co.in
[2025-05-02 09:37:43] [INFO] Sent to accounts@steelpro.co.in
[2025-05-02 09:37:55] [INFO] Sent to accounts@studioone.co.in
[2025-05-02 09:38:06] [INFO] Sent to accounts@subhashish.com
[2025-05-02 09:38:19] [INFO] Sent to accounts@suncolorants.com
[2025-05-02 09:38:34] [INFO] Sent to accounts@superroadways.in
[2025-05-02 09:38:46] [INFO] Sent to accounts@suprbag.com
[2025-05-02 09:39:00] [INFO] Sent to accounts@suryacons.com
[2025-05-02 09:39:14] [INFO] Sent to accounts@sveindia.com
[2025-05-02 09:39:25] [INFO] Sent to accounts@tarnea.com
[2025-05-02 09:39:34] [INFO] Sent to accounts@tawahid.com
[2025-05-02 09:39:44] [INFO] Sent to accounts@teamblr.com
[2025-05-02 09:39:53] [INFO] Sent to accounts@techworksengineering.com
[2025-05-02 09:40:05] [INFO] Sent to accounts@teknixelevators.com
[2025-05-02 09:40:15] [INFO] Sent to accounts@tembo.in
[2025-05-02 09:40:26] [INFO] Sent to accounts@thebiereclub.com
[2025-05-02 09:40:37] [INFO] Sent to accounts@thecentralparkhotel.com
[2025-05-02 09:40:46] [INFO] Sent to accounts@thetagfactory.com
[2025-05-02 09:41:02] [INFO] Sent to accounts@thinkgenix.in
[2025-05-02 09:41:11] [INFO] Sent to accounts@transpacasia.com
[2025-05-02 09:41:23] [INFO] Sent to accounts@trezaexim.com
[2025-05-02 09:41:32] [INFO] Sent to accounts@trimurticars.com
[2025-05-02 09:41:38] [INFO] All valid emails processed. Campaign completed.
[2025-05-03 15:09:21] [INFO] Sent to 00ar.khan@gmail.com
[2025-05-03 15:09:26] [INFO] Sent to 0107sjain@gmail.com
[2025-05-03 15:09:32] [INFO] Sent to 0202santu@gmail.com
[2025-05-03 15:09:38] [INFO] Sent to 05rohitmishra@gmail.com
[2025-05-03 15:09:44] [INFO] Sent to 08pradeepyadavspn@gmail.com
[2025-05-03 15:09:49] [INFO] Sent to 1008harsh1@gmail.com
[2025-05-03 15:09:55] [INFO] Sent to 100plusproperties.hyd@gmail.com
[2025-05-03 15:10:00] [INFO] Sent to 111.svtax@gmail.com
[2025-05-03 15:10:06] [INFO] Sent to 123gillu@gmail.com
[2025-05-03 15:10:12] [INFO] Sent to 123snsarchitects@gmail.com
[2025-05-03 15:11:28] [INFO] Sent to 1508frk@gmail.com
[2025-05-03 15:11:35] [INFO] Sent to 1509.tanya@gmail.com
[2025-05-03 15:11:42] [INFO] Sent to 17.vinay@gmail.com
[2025-05-03 15:11:47] [INFO] Sent to 17degreeshotel@gmail.com
[2025-05-03 15:11:54] [INFO] Sent to 1980parwez@gmail.com
[2025-05-03 15:12:00] [INFO] Sent to 1980vjayaprakash@gmail.com
[2025-05-03 15:12:06] [INFO] Sent to 1993shipra.ac@gmail.com
[2025-05-03 15:12:12] [INFO] Sent to 1999chethanchethu@gmail.com
[2025-05-03 15:12:19] [INFO] Sent to 1account@komaltexfab.com
[2025-05-03 15:12:25] [INFO] Sent to 1roofsoln@gmail.com
[2025-05-03 15:12:37] [INFO] Sent to 2013span@gmail.com
[2025-05-03 15:12:42] [INFO] Sent to 20986praveen@gmail.com
[2025-05-03 15:12:47] [INFO] Sent to 24helpsp@gmail.com
[2025-05-03 15:12:55] [INFO] Sent to 24hrsactiveprotection@gmail.com
[2025-05-03 15:13:00] [INFO] Sent to 24karatspimpri@gmail.com
[2025-05-03 15:13:07] [INFO] Sent to 24x7klmsh@gmail.com
[2025-05-03 15:13:14] [INFO] Sent to 27lipidome@gmail.com
[2025-05-03 15:13:19] [INFO] Sent to 288skb@gmail.com
[2025-05-03 15:13:24] [INFO] Sent to 2by2mart@gmail.com
[2025-05-03 15:13:29] [INFO] Sent to 2sharghadi@gmail.com
[2025-05-03 15:13:40] [INFO] Sent to 2williamsmalik12@gmail.com
[2025-05-03 15:13:45] [INFO] Sent to 316.aditya@gmail.com
[2025-05-03 15:13:50] [INFO] Sent to 38mkyadav@gmail.com
[2025-05-03 15:13:55] [INFO] Sent to 3dwebers@gmail.com
[2025-05-03 15:14:01] [INFO] Sent to 3rdgenerationsolutions@gmail.com
[2025-05-03 15:14:07] [INFO] Sent to 4brotherspackers@gmail.com
[2025-05-03 15:14:13] [INFO] Sent to 4s1point@gmail.com
[2025-05-03 15:14:18] [INFO] Sent to 4sgroup.sales@gmail.com
[2025-05-03 15:14:24] [INFO] Sent to 4sgroupsecurity@gmail.com
[2025-05-03 15:14:29] [INFO] Sent to 58nagendra@gmai.com
[2025-05-03 15:14:40] [INFO] Sent to 666.sudhir@gmail.com
[2025-05-03 15:14:46] [INFO] Sent to 66sarabjit@gmail.com
[2025-05-03 15:14:52] [INFO] Sent to 68sajan@gmail.com
[2025-05-03 15:14:57] [INFO] Sent to 786rajmm@gmail.com
[2025-05-03 15:15:03] [INFO] Sent to 7hrservices@gmail.com
[2025-05-03 15:15:08] [INFO] Sent to 7infostar@gmail.com
[2025-05-03 15:15:13] [INFO] Sent to 85manoj.singh2014@gmail.com
[2025-05-03 15:15:22] [INFO] Sent to 999hp999@gmail.com
[2025-05-03 15:15:27] [INFO] Sent to 99tactics99@gmail.com
[2025-05-03 15:15:33] [INFO] Sent to 9xitsolutions@gmail.com
[2025-05-03 15:15:44] [INFO] Sent to a.agarwal@gmail.com
[2025-05-03 15:15:54] [INFO] Sent to a.ahamed1301@gmail.com
[2025-05-03 15:16:01] [INFO] Sent to a.is.akshayanand@gmail.com
[2025-05-03 15:16:08] [INFO] Sent to a.kotwal@essemindia.com
[2025-05-03 15:16:14] [INFO] Sent to a.mogal@osrinfra.com
[2025-05-03 15:16:20] [INFO] Sent to a.nakade@innovastu.com
[2025-05-03 15:16:26] [INFO] Sent to a.p.textile@gmail.com
[2025-05-03 15:16:31] [INFO] Sent to a.yadav0801@gmail.com
[2025-05-03 15:16:37] [INFO] Sent to a1security@gmail.com
[2025-05-03 15:16:45] [INFO] Sent to a2pconstruction@gmail.com
[2025-05-03 15:16:57] [INFO] Sent to a2zaccounting@gmail.com
[2025-05-03 15:17:03] [INFO] Sent to a2ztaxcare@gmail.com
[2025-05-03 15:17:08] [INFO] Sent to a6pali@gmail.com
[2025-05-03 15:17:14] [INFO] Sent to a8.iipm@gmail.com
[2025-05-03 15:17:22] [INFO] Sent to aaaaa@gmail.com
[2025-05-03 15:17:30] [INFO] Sent to aaankitm@gmail.com
[2025-05-03 15:17:36] [INFO] Sent to aabhiisrivastavaa@gmail.com
[2025-05-03 15:17:42] [INFO] Sent to aackare@gmail.com
[2025-05-03 15:17:47] [INFO] Sent to aacnt2@goranpharma.com
[2025-05-03 15:17:55] [INFO] Sent to aadarsh.const@gmail.com
[2025-05-03 15:18:05] [INFO] Sent to aadharprime@gmail.com
[2025-05-03 15:18:10] [INFO] Sent to aadhavasales@gmail.com
[2025-05-03 15:18:19] [INFO] Sent to aadi21.g@gmail.com
[2025-05-03 15:18:24] [INFO] Sent to aadinathconsultancy7@gmail.com
[2025-05-03 15:18:30] [INFO] Sent to aadisarvtramultiservices@gmail.com
[2025-05-03 15:18:36] [INFO] Sent to aafoodfactory@gmail.com
[2025-05-03 15:18:47] [INFO] Sent to aafu19@gmail.com
[2025-05-03 15:18:54] [INFO] Sent to aaijazshah@gmail.com
[2025-05-03 15:19:03] [INFO] Sent to aak.sach@gmail.com
[2025-05-03 15:19:13] [INFO] Sent to aakar.print@gmail.com
[2025-05-03 15:19:27] [INFO] Sent to aakarshrink123@gmail.com
[2025-05-03 15:19:32] [INFO] Sent to aakash@laxmiagro.com
[2025-05-03 15:19:38] [INFO] Sent to aakashagrawal55@gmail.com
[2025-05-03 15:19:44] [INFO] Sent to aakashassociatesknr@gmail.com
[2025-05-03 15:19:50] [INFO] Sent to aakashcybercaferampur@gmail.com
[2025-05-03 15:19:56] [INFO] Sent to aakashesic@gmail.com
[2025-05-03 15:20:01] [INFO] Sent to aakashkumarsuthar@gmail.com
[2025-05-03 15:20:06] [INFO] Sent to aakritisingh0142@gmail.com
[2025-05-03 15:20:15] [INFO] Sent to aakruti.nrt@gmail.com
[2025-05-03 15:20:29] [INFO] Sent to aakruticonstruction111@gmail.com
[2025-05-03 15:20:46] [INFO] Sent to aalapdesai26@gmail.com
[2025-05-03 15:20:57] [INFO] Sent to aalggarii@gmail.com
[2025-05-03 15:21:05] [INFO] Sent to aamir20081986@gmail.com
[2025-05-03 15:21:21] [INFO] Sent to aamit75singh@gmail.com
[2025-05-03 15:21:30] [INFO] Sent to aamitb257@gmail.com
[2025-05-03 15:21:44] [INFO] Sent to aanalamahesh143@gmail.com
[2025-05-03 15:21:49] [INFO] Sent to aanchalfabrics@gmail.com
[2025-05-03 15:21:55] [INFO] Sent to aangiarchi@gmail.com
[2025-05-03 15:22:01] [INFO] Sent to aao.jvvnl@gmail.com
[2025-05-03 15:22:08] [INFO] Sent to aaohdcity@gmaol.com
[2025-05-03 15:22:23] [INFO] Sent to aaqibmusthafa03@gmail.com
[2025-05-03 15:22:29] [INFO] Sent to aaradhyaconsultant2018@gmail.com
[2025-05-03 15:22:35] [INFO] Sent to aaress@aaress.com
[2025-05-03 15:22:44] [INFO] Sent to aarkint@gmail.com
[2025-05-03 15:22:55] [INFO] Sent to aarthangers@gmail.com
[2025-05-03 15:23:04] [INFO] Sent to aarthi@gmail.com
[2025-05-03 15:23:09] [INFO] Sent to aarti.kirve@prescientcolor.com
[2025-05-03 15:23:15] [INFO] Sent to aarti@purples.co.in
[2025-05-03 15:23:20] [INFO] Sent to aarti_chitkara@opiant.in
[2025-05-03 15:23:32] [INFO] Sent to aartisuitings@gmail.com
[2025-05-03 15:23:48] [INFO] Sent to aarunihospitalpvtltd@gmail.com
[2025-05-03 15:23:53] [INFO] Sent to aarunsengar.777@gmail.com
[2025-05-03 15:24:00] [INFO] Sent to aarushkaswan2@gmail.com
[2025-05-03 15:24:07] [INFO] Sent to aarvanss.govind@gmail.com
[2025-05-03 15:24:12] [INFO] Sent to aaryaa.automotives19@gmail.com
[2025-05-03 15:24:18] [INFO] Sent to aaryan.bharat@gmail.com
[2025-05-03 15:24:24] [INFO] Sent to aaryastaffingservices@gmail.com
[2025-05-03 15:24:31] [INFO] Sent to aashareddy@gmail.com
[2025-05-03 15:24:37] [INFO] Sent to aasheesh@indithinkk.com
[2025-05-03 15:24:43] [INFO] Sent to aashishsingla91@gmail.com
[2025-05-03 15:24:53] [INFO] Sent to aashiyana84@gmail.com
[2025-05-03 15:24:59] [INFO] Sent to aashthaassociates18@gmail.com
[2025-05-03 15:25:05] [INFO] Sent to aasjpr@gmail.com
[2025-05-03 15:25:10] [INFO] Sent to aasmeenali@gmail.com
[2025-05-03 15:25:16] [INFO] Sent to aasthaintl19@gmail.com
[2025-05-03 15:25:22] [INFO] Sent to aasthapip@gmail.com
[2025-05-03 15:25:27] [INFO] Sent to aaswrd@gmail.com
[2025-05-03 15:25:32] [INFO] Sent to aayush.patodia@thebyke.com
[2025-05-03 15:25:38] [INFO] Sent to aayushchandak91@googlemail.com
[2025-05-03 15:25:43] [INFO] Sent to aayushgarg011@gmail.com
[2025-05-03 15:25:54] [INFO] Sent to aayushijain970@gmail.com
[2025-05-03 15:25:59] [INFO] Sent to ab@sgewjaipur.com
[2025-05-03 15:26:04] [INFO] Sent to ab1099@msai.in
[2025-05-03 15:26:09] [INFO] Sent to abadheshrajpoot@gmail.com
[2025-05-03 15:26:16] [INFO] Sent to abaiabru99@gmail.com
[2025-05-03 15:26:22] [INFO] Sent to abatra741@gmail.com
[2025-05-03 15:26:27] [INFO] Sent to abautomobiles.kollapur@gmail.com
[2025-05-03 15:26:33] [INFO] Sent to abbas@blr.tripathlogistics.com
[2025-05-03 15:26:39] [INFO] Sent to abc@ax.com
[2025-05-03 15:26:44] [INFO] Sent to abc@x.com
[2025-05-03 15:26:56] [INFO] Sent to abc123@abc.com
[2025-05-03 15:27:01] [INFO] Sent to abcd@abc.com
[2025-05-03 15:27:06] [INFO] Sent to abcd@smail.com
[2025-05-03 15:27:13] [INFO] Sent to abcd@x.com
[2025-05-03 15:27:19] [INFO] Sent to abcd14@gmail.com
[2025-05-03 15:27:25] [INFO] Sent to abcdef@gmail.com
[2025-05-03 15:27:31] [INFO] Sent to abcduppinangady@gmail.com
[2025-05-03 15:27:37] [INFO] Sent to abcmotorstirur@gmail.com
[2025-05-03 15:27:42] [INFO] Sent to abconskochi@gmail.com
[2025-05-03 15:27:48] [INFO] Sent to abconst.co@gmail.com
[2025-05-03 15:27:59] [INFO] Sent to abcsecu@gmail.com
[2025-05-03 15:28:05] [INFO] Sent to abd@smail.com
[2025-05-03 15:28:10] [INFO] Sent to abdhul@gmail.com
[2025-05-03 15:28:16] [INFO] Sent to abdulazizsofamakers@gmail.com
[2025-05-03 15:28:21] [INFO] Sent to abdulhameed6347@gmail.com
[2025-05-03 15:28:28] [INFO] Sent to abdulkhadeer344@gmail.com
[2025-05-03 15:28:35] [INFO] Sent to abdullakallar313@gmail.com
[2025-05-03 15:28:41] [INFO] Sent to abdulmuktadirrt16@gmail.com
[2025-05-03 15:28:47] [INFO] Sent to abdulqadir8@gmail.com
[2025-05-03 15:28:53] [INFO] Sent to abdulrahmanimayam@gmail.com
[2025-05-03 15:29:05] [INFO] Sent to abdulsamad@galexon.com
[2025-05-03 15:29:10] [INFO] Sent to abdulwaris3107@gmail.com
[2025-05-03 15:29:19] [INFO] Sent to abdvcd@gmail.com
[2025-05-03 15:29:25] [INFO] Sent to abful7684@gmsil.com
[2025-05-03 15:29:31] [INFO] Sent to abhash.gupta24@gmail.com
[2025-05-03 15:29:38] [INFO] Sent to abhash.shreesaihospitality@gmail.com
[2025-05-03 15:29:44] [INFO] Sent to abhash@arvindrubber.com
[2025-05-03 15:29:51] [INFO] Sent to abhay.goswami@gmail.com
[2025-05-03 15:29:57] [INFO] Sent to abhay.singh@gmail.com
[2025-05-03 15:30:03] [INFO] Sent to abhay.tvsent@gmail.com
[2025-05-03 15:30:13] [INFO] Sent to abhay@ceasefire.in
[2025-05-03 15:30:19] [INFO] Sent to abhay613@gmail.com
[2025-05-03 15:30:25] [INFO] Sent to abhayghate1967@gmail.com
[2025-05-03 15:30:31] [INFO] Sent to abhaykapoor161@gmail.com
[2025-05-03 15:30:37] [INFO] Sent to abhi.radio99@gmail.com
[2025-05-03 15:30:43] [INFO] Sent to abhi@gmail.com
[2025-05-03 15:30:48] [INFO] Sent to abhi0861@gmail.com
[2025-05-03 15:30:54] [INFO] Sent to abhi089096@gmail.com
[2025-05-03 15:31:00] [INFO] Sent to abhiblr847@gmail.com
[2025-05-03 15:31:05] [INFO] Sent to abhichem@abhigroup.in
[2025-05-03 15:31:16] [INFO] Sent to abhidensoft@gmail.com
[2025-05-03 15:31:22] [INFO] Sent to abhigupta3189@gmail.com
[2025-05-03 15:31:28] [INFO] Sent to abhigyan.constructions@gmail.com
[2025-05-03 15:31:33] [INFO] Sent to abhij11@gmail.com
[2025-05-03 15:31:39] [INFO] Sent to abhijeet.dtpl@gmail.com
[2025-05-03 15:31:45] [INFO] Sent to abhijeet.shahu@gmail.com
[2025-05-03 15:31:51] [INFO] Sent to abhijeet@sumaxenterprises.com
[2025-05-03 15:31:57] [INFO] Sent to abhijit.dhas@gmail.com
[2025-05-03 15:32:02] [INFO] Sent to abhijit@sterlingaccuris.com
[2025-05-03 15:32:08] [INFO] Sent to abhijit@sunways.com
[2025-05-03 15:32:18] [INFO] Sent to abhijit065@gmail.com
[2025-05-03 15:32:24] [INFO] Sent to abhijitchanda015@gmail.com
[2025-05-03 15:32:29] [INFO] Sent to abhijitnanaware.84@gmail.com
[2025-05-03 15:32:35] [INFO] Sent to abhilash@spreadwingssolutions.com
[2025-05-03 15:32:41] [INFO] Sent to abhilashs218@gmail.com
[2025-05-03 15:32:49] [INFO] Sent to abhimanyuaggarwal@gmail.com
[2025-05-03 15:33:15] [INFO] Sent to abhimanyusp4@gmail.com
[2025-05-03 15:33:20] [INFO] Sent to abhimena097@gmail.com
[2025-05-03 15:33:26] [INFO] Sent to abhinav@cranberryfoods.in
[2025-05-03 15:33:32] [INFO] Sent to abhinav@gmail.com
[2025-05-03 15:33:43] [INFO] Sent to abhinav26@gmail.com
[2025-05-03 15:33:49] [INFO] Sent to abhinavaggarwal13@gmail.com
[2025-05-03 15:33:55] [INFO] Sent to abhinavalloys@gmail.com
[2025-05-03 15:34:03] [INFO] Sent to abhinavjain@gmail.com
[2025-05-03 15:34:09] [INFO] Sent to abhinaw818@gmail.com
[2025-05-03 15:34:15] [INFO] Sent to abhinay.sachan@sblglobal.in
[2025-05-03 15:34:21] [INFO] Sent to abhinay@amigainformatics.co.in
[2025-05-03 15:34:27] [INFO] Sent to abhiraj.smart@gmail.com
[2025-05-03 15:34:33] [INFO] Sent to abhisekeprasad@gmail.com
[2025-05-03 15:34:41] [INFO] Sent to abhishek.chavan019@gmail.com
[2025-05-03 15:34:52] [INFO] Sent to abhishek.jain@kpa.co.in
[2025-05-03 15:34:58] [INFO] Sent to abhishek.jha191@gmail.com
[2025-05-03 15:35:04] [INFO] Sent to abhishek.madeinn@gmail.com
[2025-05-03 15:35:10] [INFO] Sent to abhishek.mahadik04@gmail.com
[2025-05-03 15:35:16] [INFO] Sent to abhishek.malhotra@pcmgarments.com
[2025-05-03 15:35:22] [INFO] Sent to abhishek.mhaske@gmail.com
[2025-05-03 15:35:28] [INFO] Sent to abhishek.mishra2070@gmail.com
[2025-05-03 15:35:35] [INFO] Sent to abhishek.p@relyonsoft.com
[2025-05-03 15:35:41] [INFO] Sent to abhishek.pandey@iffgroup.com
[2025-05-03 15:35:48] [INFO] Sent to abhishek.sciter@gmail.com
[2025-05-03 15:35:59] [INFO] Sent to abhishek.shimoga@gmail.com
[2025-05-03 15:36:04] [INFO] Sent to abhishek.shukla@kanod.in
[2025-05-03 15:36:09] [INFO] Sent to abhishek.switchon@gmail.com
[2025-05-03 15:36:16] [INFO] Sent to abhishek@aarkayfoods.in
[2025-05-03 15:36:21] [INFO] Sent to abhishek@airengroup.com
[2025-05-03 15:36:27] [INFO] Sent to abhishek@cleanindiatech.com
[2025-05-03 15:36:32] [INFO] Sent to abhishek@duttnco.com
[2025-05-03 15:36:39] [INFO] Sent to abhishek@jmninfotech.com
[2025-05-03 15:36:44] [INFO] Sent to abhishek@sunshineproducts.in
[2025-05-03 15:36:49] [INFO] Sent to abhishek@synchroserve.in
[2025-05-03 15:37:00] [INFO] Sent to abhishek@toshcon.com
[2025-05-03 15:37:05] [INFO] Sent to abhishek@zaleship.com
[2025-05-03 15:37:10] [INFO] Sent to abhishek97chauhan@gmail.com
[2025-05-03 15:37:15] [INFO] Sent to abhishekbasu56@gmail.com
[2025-05-03 15:37:20] [INFO] Sent to abhishekgowda.hg@gmail.com
[2025-05-03 15:37:26] [INFO] Sent to abhishekjb9191@gmail.com
[2025-05-03 15:37:31] [INFO] Sent to abhishekjohari@gmail.com
[2025-05-03 15:37:37] [INFO] Sent to abhishekk9569999@gmail.com
[2025-05-03 15:37:42] [INFO] Sent to abhishekmaloo5@gmail.com
[2025-05-03 15:37:47] [INFO] Sent to abhishekmic@gmail.com
[2025-05-03 15:37:59] [INFO] Sent to abhisheknascent1@gmail.com
[2025-05-03 15:38:05] [INFO] Sent to abhishekpandey0960@gmail.com
[2025-05-03 15:38:10] [INFO] Sent to abhishekrpz@gmail.com
[2025-05-03 15:38:17] [INFO] Sent to abhisheksharma4bhl@gmail.com
[2025-05-03 15:38:23] [INFO] Sent to abhishektiwari9585@gmail.com
[2025-05-03 15:38:28] [INFO] Sent to abhishekvaishnav1611@gmail.com
[2025-05-03 15:38:34] [INFO] Sent to abhistutorial@gmail.com
[2025-05-03 15:38:40] [INFO] Sent to abhisudha@gmail.com
[2025-05-03 15:38:46] [INFO] Sent to abhisurvns@gmail.com
[2025-05-03 15:38:52] [INFO] Sent to abhitkumar.parab@gmail.com
[2025-05-03 15:39:03] [INFO] Sent to abhitkumarparab@gmail.com
[2025-05-03 15:39:11] [INFO] Sent to abidhabm@gmail.com
[2025-05-03 15:39:19] [INFO] Sent to abilash@gmail.com
[2025-05-03 15:39:25] [INFO] Sent to abilash76@gmail.com
[2025-05-03 15:39:31] [INFO] Sent to abinav@gmail.com
[2025-05-03 15:39:38] [INFO] Sent to abkanjilal@gmail.com
[2025-05-03 15:39:44] [INFO] Sent to abkumarconsultant@gmail.com
[2025-05-03 15:39:50] [INFO] Sent to abl@bkca.co.in
[2025-05-03 15:39:56] [INFO] Sent to abnish@raspl.com
[2025-05-03 15:40:02] [INFO] Sent to abrar.kapadia.78@gmail.com
[2025-05-03 15:40:14] [INFO] Sent to abrarqureshi2010@gmail.com
[2025-05-03 15:40:21] [INFO] Sent to absbizsoft@gmail.com
[2025-05-03 15:40:26] [INFO] Sent to abul@exclusivead.in
[2025-05-03 15:40:32] [INFO] Sent to abulkalam@solutionexperts.co.in
[2025-05-03 15:40:38] [INFO] Sent to ac.tattva@gmail.com
[2025-05-03 15:40:44] [INFO] Sent to ac.ubber@gmail.com
[2025-05-03 15:40:49] [INFO] Sent to ac1@bombaychamber.com
[2025-05-03 15:40:58] [INFO] Sent to aca.sitaram@gmail.com
[2025-05-03 15:41:05] [INFO] Sent to academics.ho@theorbisschool.com
[2025-05-03 15:41:12] [INFO] Sent to acaram89@gmail.com
[2025-05-03 15:41:23] [INFO] Sent to acare.acc11@gmail.com
[2025-05-03 15:41:29] [INFO] Sent to acc.assjcollege@gmail.com
[2025-05-03 15:41:35] [INFO] Sent to acc.caped@gmail.com
[2025-05-03 15:41:40] [INFO] Sent to acc.dolvis@gmail.com
[2025-05-03 15:41:46] [INFO] Sent to acc.gsphc@gmail.com
[2025-05-03 15:41:51] [INFO] Sent to acc.innovative1@gmail.com
[2025-05-03 15:41:57] [INFO] Sent to acc.jpmotors@gmail.com
[2025-05-03 15:42:03] [INFO] Sent to acc.mpdgroup@gmail.com
[2025-05-03 15:42:09] [INFO] Sent to acc.nakodacorporationind@gmail.com
[2025-05-03 15:42:16] [INFO] Sent to acc.prasadpsycho@gmail.com
[2025-05-03 15:42:26] [INFO] Sent to acc.rawat@gmail.com
[2025-05-03 15:42:32] [INFO] Sent to acc.sapack@gmail.com
[2025-05-03 15:42:38] [INFO] Sent to acc.supradigital@gmail.com
[2025-05-03 15:42:43] [INFO] Sent to acc.vsupply@gmail.com
[2025-05-03 15:42:49] [INFO] Sent to acc@coatecindia.com
[2025-05-03 15:42:55] [INFO] Sent to accentmconsultants@gmail.com
[2025-05-03 15:43:01] [INFO] Sent to access.services303@gmail.com
[2025-05-03 15:43:06] [INFO] Sent to acckrjfoods@gmail.com
[2025-05-03 15:43:12] [INFO] Sent to accnts.pof@gmail.com
[2025-05-03 15:43:18] [INFO] Sent to acconomy.in@gmail.com
[2025-05-03 15:43:29] [INFO] Sent to account@bimshospital.com
[2025-05-03 15:43:35] [INFO] Sent to account@cironpharma.com
[2025-05-03 15:43:41] [INFO] Sent to account@dranindia.com
[2025-05-03 15:43:48] [INFO] Sent to account@futuretecsol.com
[2025-05-03 15:43:55] [INFO] Sent to account@greindia.com
[2025-05-03 15:44:01] [INFO] Sent to account@megaitstore.net
[2025-05-03 15:44:06] [INFO] Sent to account@mkshahmcrc.co.in
[2025-05-03 15:44:12] [INFO] Sent to account@newtoneng.com
[2025-05-03 15:44:21] [INFO] Sent to account@redphaseindia.com
[2025-05-03 15:44:27] [INFO] Sent to account@skfelixer.in
[2025-05-03 15:44:38] [INFO] Sent to account@sumaxenterprises.com
[2025-05-03 15:44:45] [INFO] Sent to account@uniqueforgings.in
[2025-05-03 15:44:51] [INFO] Sent to account@universalinstruments.co.in
[2025-05-03 15:44:58] [INFO] Sent to account@vetoswitchgears.com
[2025-05-03 15:45:05] [INFO] Sent to account@yashiindia.com
[2025-05-03 15:45:11] [INFO] Sent to account_club@celebrityhospitality.com
[2025-05-03 15:45:16] [INFO] Sent to account2@polydrug.com
[2025-05-03 15:45:23] [INFO] Sent to account3@tcspinner.com
[2025-05-03 15:45:30] [INFO] Sent to accountacp@maplalupanel.com
[2025-05-03 15:45:37] [INFO] Sent to accountant.navyug@dps.edu.in
[2025-05-03 15:45:47] [INFO] Sent to accountant@fortunehyundai.com
[2025-05-03 15:45:53] [INFO] Sent to accountantcochin@gmail.com
[2025-05-03 15:45:58] [INFO] Sent to accounting@fintaxexperts.com
[2025-05-03 15:46:03] [INFO] Sent to accounting@marutirubplast.com
[2025-05-03 15:46:08] [INFO] Sent to accounts.eye@sbhhospital.com
[2025-05-03 15:46:13] [INFO] Sent to accounts.factory@cornileus.com
[2025-05-03 15:46:18] [INFO] Sent to accounts.fkblr@francisklein.in
[2025-05-03 15:46:24] [INFO] Sent to accounts.in@kobold.com
[2025-05-03 15:46:29] [INFO] Sent to accounts.india@welding-alloys.com
[2025-05-03 15:46:34] [INFO] Sent to accounts.indore@navininfra.com
[2025-05-03 15:46:44] [INFO] Sent to accounts.khpl@karnehospital.com
[2025-05-03 15:46:49] [INFO] Sent to accounts.navjivan@gmail.com
[2025-05-03 15:46:53] [INFO] Sent to accounts.ramakant@sppgoa.com
[2025-05-03 15:46:57] [INFO] Sent to accounts.sales2@pawl.in
[2025-05-03 15:47:02] [INFO] Sent to accounts.saral@gmail.com
[2025-05-03 15:47:06] [INFO] Sent to accounts.sericare@gmail.com
[2025-05-03 15:47:11] [INFO] Sent to accounts.ssengrindia@gmail.com
[2025-05-03 15:47:15] [INFO] Sent to accounts.vadodaranorth@renault-india.com
[2025-05-03 15:47:20] [INFO] Sent to accounts@aamod.in
[2025-05-03 15:47:25] [INFO] Sent to accounts@aasaeng.com
[2025-05-03 15:47:34] [INFO] Sent to accounts@accurateworld.com
[2025-05-03 15:47:39] [INFO] Sent to accounts@addwatt.in
[2025-05-03 15:47:45] [INFO] Sent to accounts@agrolandia.in
[2025-05-03 15:47:51] [INFO] Sent to accounts@akvalo.com
[2025-05-03 15:47:57] [INFO] Sent to accounts@amaragri.com
[2025-05-03 15:48:02] [INFO] Sent to accounts@ambanivitrified.com
[2025-05-03 15:48:08] [INFO] Sent to accounts@ambertsp.com
[2025-05-03 15:48:14] [INFO] Sent to accounts@amcogroup.in
[2025-05-03 15:48:20] [INFO] Sent to accounts@anandsurgicalhospital.com
[2025-05-03 15:48:25] [INFO] Sent to accounts@aneer.net
[2025-05-03 15:48:37] [INFO] Sent to accounts@ankitind.com
[2025-05-03 15:48:44] [INFO] Sent to accounts@apmdesignbuild.com
[2025-05-03 15:48:50] [INFO] Sent to accounts@aradanatv.com
[2025-05-03 15:48:58] [INFO] Sent to accounts@arthdesignbuild.com
[2025-05-03 15:49:04] [INFO] Sent to accounts@athulyabellow.com
[2025-05-03 15:49:11] [INFO] Sent to accounts@aurofood.com
[2025-05-03 15:49:17] [INFO] Sent to accounts@balavigna.com
[2025-05-03 15:49:24] [INFO] Sent to accounts@bashgo.com
[2025-05-03 15:49:30] [INFO] Sent to accounts@beyond-alliance.com
[2025-05-03 15:49:36] [INFO] Sent to accounts@bmshospital.com
[2025-05-03 15:49:48] [INFO] Sent to accounts@bsbedge.com
[2025-05-03 15:49:54] [INFO] Sent to accounts@choyal.com
[2025-05-03 15:50:01] [INFO] Sent to accounts@ciriatanning.com
[2025-05-03 15:50:07] [INFO] Sent to accounts@coimbatorejewellers.com
[2025-05-03 15:50:13] [INFO] Sent to accounts@coldforge.com
[2025-05-03 15:50:18] [INFO] Sent to accounts@companystore.in
[2025-05-03 15:50:24] [INFO] Sent to accounts@conexxiontech.com
[2025-05-03 15:50:30] [INFO] Sent to accounts@constroequipments.com
[2025-05-03 15:50:37] [INFO] Sent to accounts@coriolis.co.in
[2025-05-03 15:50:42] [INFO] Sent to accounts@ddu.ac.in
[2025-05-03 15:50:55] [INFO] Sent to accounts@deccanpavilion.com
[2025-05-03 15:51:01] [INFO] Sent to accounts@dgstranslogistics.com
[2025-05-03 15:51:07] [INFO] Sent to accounts@dhyeyaias.com
[2025-05-03 15:51:14] [INFO] Sent to accounts@dmhospital.org
[2025-05-03 15:51:21] [INFO] Sent to accounts@doctorrust.com
[2025-05-03 15:51:27] [INFO] Sent to accounts@ehaaviation.com
[2025-05-03 15:51:35] [INFO] Sent to accounts@elmec.in
[2025-05-03 15:51:42] [INFO] Sent to accounts@epragathi.com
[2025-05-03 15:51:48] [INFO] Sent to accounts@escapeventures.in
[2025-05-03 15:51:54] [INFO] Sent to accounts@evaidya.com
[2025-05-03 15:52:05] [INFO] Sent to accounts@eye7.in
[2025-05-03 15:52:09] [INFO] Sent to accounts@fornnax.com
[2025-05-03 15:52:15] [INFO] Sent to accounts@fugenstone.com
[2025-05-03 15:52:21] [INFO] Sent to accounts@garudapumps.com
[2025-05-03 15:52:26] [INFO] Sent to accounts@globalgadgets.co.in
