[2025-05-02 10:00:33] [INFO] Sent to 00ar.khan@gmail.com
[2025-05-02 10:00:39] [INFO] Sent to 0107sjain@gmail.com
[2025-05-02 10:00:45] [INFO] Sent to 0202santu@gmail.com
[2025-05-02 10:00:50] [INFO] Sent to 05rohitmishra@gmail.com
[2025-05-02 10:00:57] [INFO] Sent to 08pradeepyadavspn@gmail.com
[2025-05-02 10:01:02] [INFO] Sent to 1008harsh1@gmail.com
[2025-05-02 10:01:08] [INFO] Sent to 100plusproperties.hyd@gmail.com
[2025-05-02 10:01:13] [INFO] Sent to 111.svtax@gmail.com
[2025-05-02 10:01:19] [INFO] Sent to 123gillu@gmail.com
[2025-05-02 10:01:24] [INFO] Sent to 123snsarchitects@gmail.com
[2025-05-02 10:01:36] [INFO] Sent to 127.0.0.17@gmail.com
[2025-05-02 10:01:43] [INFO] Sent to panchalpavan800@gmail.com
[2025-05-02 10:01:49] [INFO] Sent to 001.aokumar@gmail.com
[2025-05-02 10:01:55] [INFO] Sent to 007vikku@gmail.com
[2025-05-02 10:02:01] [INFO] Sent to 12jainhitesh@gmail.com
[2025-05-02 10:02:07] [INFO] Sent to 12rajeshwar@gmail.com
[2025-05-02 10:02:14] [INFO] Sent to 143psnayak@gmail.com
[2025-05-02 10:02:21] [INFO] Sent to 14aslfms@gmail.com
[2025-05-02 10:02:27] [INFO] Sent to 14jitumandal@gmail.com
[2025-05-02 10:02:33] [INFO] Sent to 150202.sg@gmail.com
[2025-05-02 10:16:04] [ERROR] Failed to send to aakarshrink123@gmail.com: PHPMailer error: SMTP Error: Could not connect to SMTP host. Failed to connect to server
[2025-05-02 10:16:04] [ERROR] Failed to send to aakash@laxmiagro.com: PHPMailer error: SMTP Error: Could not connect to SMTP host. Failed to connect to server
[2025-05-02 10:16:04] [ERROR] Failed to send to aakashagrawal55@gmail.com: PHPMailer error: SMTP Error: Could not connect to SMTP host. Failed to connect to server
[2025-05-02 10:16:04] [ERROR] Failed to send to aakashassociatesknr@gmail.com: PHPMailer error: SMTP Error: Could not connect to SMTP host. Failed to connect to server
[2025-05-02 10:16:04] [ERROR] Failed to send to aakashcybercaferampur@gmail.com: PHPMailer error: SMTP Error: Could not connect to SMTP host. Failed to connect to server
[2025-05-02 10:16:04] [ERROR] Failed to send to aakashesic@gmail.com: PHPMailer error: SMTP Error: Could not connect to SMTP host. Failed to connect to server
[2025-05-02 10:16:04] [ERROR] Failed to send to aakashkumarsuthar@gmail.com: PHPMailer error: SMTP Error: Could not connect to SMTP host. Failed to connect to server
[2025-05-02 10:16:04] [ERROR] Failed to send to aakritisingh0142@gmail.com: PHPMailer error: SMTP Error: Could not connect to SMTP host. Failed to connect to server
[2025-05-02 10:16:04] [ERROR] Failed to send to aakruti.nrt@gmail.com: PHPMailer error: SMTP Error: Could not connect to SMTP host. Failed to connect to server
[2025-05-02 10:16:04] [ERROR] Failed to send to aakruticonstruction111@gmail.com: PHPMailer error: SMTP Error: Could not connect to SMTP host. Failed to connect to server
[2025-05-02 10:16:04] [INFO] No emails processed in this batch. Possible rate limiting.
